/*C15*/SET SCHEMA PUBLIC
CONNECT USER SA
DISCONNECT
/*C16*/SET SCHEMA PUBLIC
CONNECT USER SA
/*C17*/SET SCHEMA PUBLIC
CONNECT USER SA
/*C16*/DISCONNECT
/*C17*/DISCONNECT
/*C18*/SET SCHEMA PUBLIC
CONNECT USER SA
DISCONNECT
/*C19*/SET SCHEMA PUBLIC
CONNECT USER SA
/*C20*/SET SCHEMA PUBLIC
CONNECT USER SA
DISCONNECT
/*C19*/DISCONNECT
/*C21*/SET SCHEMA PUBLIC
CONNECT USER SA
DISCONNECT
/*C22*/SET SCHEMA PUBLIC
CONNECT USER SA
DISCONNECT
/*C23*/SET SCHEMA PUBLIC
CONNECT USER SA
DISCONNECT
/*C24*/SET SCHEMA PUBLIC
CONNECT USER SA
/*C25*/SET SCHEMA PUBLIC
CONNECT USER SA
/*C26*/SET SCHEMA PUBLIC
CONNECT USER SA
DISCONNECT
/*C25*/DISCONNECT
/*C24*/DISCONNECT
/*C27*/SET SCHEMA PUBLIC
CONNECT USER SA
/*C28*/SET SCHEMA PUBLIC
CONNECT USER SA
/*C29*/SET SCHEMA PUBLIC
CONNECT USER SA
/*C27*/DISCONNECT
/*C29*/DISCONNECT
/*C28*/DISCONNECT
/*C30*/SET SCHEMA PUBLIC
CONNECT USER SA
/*C31*/SET SCHEMA PUBLIC
CONNECT USER SA
/*C32*/SET SCHEMA PUBLIC
CONNECT USER SA
DISCONNECT
/*C31*/DISCONNECT
/*C30*/DISCONNECT
/*C33*/SET SCHEMA PUBLIC
CONNECT USER SA
/*C34*/SET SCHEMA PUBLIC
CONNECT USER SA
/*C35*/SET SCHEMA PUBLIC
CONNECT USER SA
DISCONNECT
/*C34*/DISCONNECT
/*C33*/DISCONNECT
/*C36*/SET SCHEMA PUBLIC
CONNECT USER SA
DISCONNECT
/*C37*/SET SCHEMA PUBLIC
CONNECT USER SA
/*C38*/SET SCHEMA PUBLIC
CONNECT USER SA
/*C39*/SET SCHEMA PUBLIC
CONNECT USER SA
/*C37*/DISCONNECT
/*C38*/DISCONNECT
/*C39*/DISCONNECT
/*C40*/SET SCHEMA PUBLIC
CONNECT USER SA
DISCONNECT
/*C41*/SET SCHEMA PUBLIC
CONNECT USER SA
/*C42*/SET SCHEMA PUBLIC
CONNECT USER SA
/*C43*/SET SCHEMA PUBLIC
CONNECT USER SA
DISCONNECT
/*C41*/DISCONNECT
/*C42*/DISCONNECT
/*C44*/SET SCHEMA PUBLIC
CONNECT USER SA
/*C45*/SET SCHEMA PUBLIC
CONNECT USER SA
/*C46*/SET SCHEMA PUBLIC
CONNECT USER SA
/*C44*/DISCONNECT
/*C46*/DISCONNECT
/*C45*/DISCONNECT
/*C47*/SET SCHEMA PUBLIC
CONNECT USER SA
DISCONNECT
/*C48*/SET SCHEMA PUBLIC
CONNECT USER SA
/*C49*/SET SCHEMA PUBLIC
CONNECT USER SA
/*C50*/SET SCHEMA PUBLIC
CONNECT USER SA
/*C51*/SET SCHEMA PUBLIC
CONNECT USER SA
/*C52*/SET SCHEMA PUBLIC
CONNECT USER SA
/*C53*/SET SCHEMA PUBLIC
CONNECT USER SA
/*C54*/SET SCHEMA PUBLIC
CONNECT USER SA
/*C55*/SET SCHEMA PUBLIC
CONNECT USER SA
/*C56*/SET SCHEMA PUBLIC
CONNECT USER SA
/*C57*/SET SCHEMA PUBLIC
CONNECT USER SA
/*C58*/SET SCHEMA PUBLIC
CONNECT USER SA
/*C59*/SET SCHEMA PUBLIC
CONNECT USER SA
/*C60*/SET SCHEMA PUBLIC
CONNECT USER SA
/*C61*/SET SCHEMA PUBLIC
CONNECT USER SA
/*C62*/SET SCHEMA PUBLIC
CONNECT USER SA
/*C63*/SET SCHEMA PUBLIC
CONNECT USER SA
/*C64*/SET SCHEMA PUBLIC
CONNECT USER SA
/*C65*/SET SCHEMA PUBLIC
CONNECT USER SA
/*C66*/SET SCHEMA PUBLIC
CONNECT USER SA
/*C67*/SET SCHEMA PUBLIC
CONNECT USER SA
/*C68*/SET SCHEMA PUBLIC
CONNECT USER SA
/*C69*/SET SCHEMA PUBLIC
CONNECT USER SA
/*C70*/SET SCHEMA PUBLIC
CONNECT USER SA
/*C71*/SET SCHEMA PUBLIC
CONNECT USER SA
/*C72*/SET SCHEMA PUBLIC
CONNECT USER SA
/*C73*/SET SCHEMA PUBLIC
CONNECT USER SA
/*C74*/SET SCHEMA PUBLIC
CONNECT USER SA
/*C75*/SET SCHEMA PUBLIC
CONNECT USER SA
/*C76*/SET SCHEMA PUBLIC
CONNECT USER SA
/*C77*/SET SCHEMA PUBLIC
CONNECT USER SA
/*C78*/SET SCHEMA PUBLIC
CONNECT USER SA
/*C79*/SET SCHEMA PUBLIC
CONNECT USER SA
/*C80*/SET SCHEMA PUBLIC
CONNECT USER SA
/*C81*/SET SCHEMA PUBLIC
CONNECT USER SA
/*C82*/SET SCHEMA PUBLIC
CONNECT USER SA
/*C83*/SET SCHEMA PUBLIC
CONNECT USER SA
/*C84*/SET SCHEMA PUBLIC
CONNECT USER SA
/*C85*/SET SCHEMA PUBLIC
CONNECT USER SA
/*C86*/SET SCHEMA PUBLIC
CONNECT USER SA
/*C87*/SET SCHEMA PUBLIC
CONNECT USER SA
/*C88*/SET SCHEMA PUBLIC
CONNECT USER SA
/*C89*/SET SCHEMA PUBLIC
CONNECT USER SA
/*C90*/SET SCHEMA PUBLIC
CONNECT USER SA
/*C91*/SET SCHEMA PUBLIC
CONNECT USER SA
/*C92*/SET SCHEMA PUBLIC
CONNECT USER SA
/*C93*/SET SCHEMA PUBLIC
CONNECT USER SA
/*C94*/SET SCHEMA PUBLIC
CONNECT USER SA
/*C95*/SET SCHEMA PUBLIC
CONNECT USER SA
/*C96*/SET SCHEMA PUBLIC
CONNECT USER SA
/*C97*/SET SCHEMA PUBLIC
CONNECT USER SA
/*C79*/DISCONNECT
/*C90*/DISCONNECT
/*C91*/DISCONNECT
/*C92*/DISCONNECT
/*C93*/DISCONNECT
/*C94*/DISCONNECT
/*C95*/DISCONNECT
/*C96*/DISCONNECT
/*C97*/DISCONNECT
/*C81*/DISCONNECT
/*C82*/DISCONNECT
/*C83*/DISCONNECT
/*C84*/DISCONNECT
/*C85*/DISCONNECT
/*C86*/DISCONNECT
/*C87*/DISCONNECT
/*C88*/DISCONNECT
/*C89*/DISCONNECT
/*C71*/DISCONNECT
/*C72*/DISCONNECT
/*C73*/DISCONNECT
/*C74*/DISCONNECT
/*C75*/DISCONNECT
/*C76*/DISCONNECT
/*C77*/DISCONNECT
/*C78*/DISCONNECT
/*C80*/DISCONNECT
/*C61*/DISCONNECT
/*C62*/DISCONNECT
/*C63*/DISCONNECT
/*C64*/DISCONNECT
/*C65*/DISCONNECT
/*C66*/DISCONNECT
/*C67*/DISCONNECT
/*C68*/DISCONNECT
/*C69*/DISCONNECT
/*C70*/DISCONNECT
/*C52*/DISCONNECT
/*C53*/DISCONNECT
/*C54*/DISCONNECT
/*C55*/DISCONNECT
/*C56*/DISCONNECT
/*C57*/DISCONNECT
/*C58*/DISCONNECT
/*C59*/DISCONNECT
/*C60*/DISCONNECT
/*C48*/DISCONNECT
/*C49*/DISCONNECT
/*C50*/DISCONNECT
/*C51*/DISCONNECT
/*C98*/SET SCHEMA PUBLIC
CONNECT USER SA
/*C99*/SET SCHEMA PUBLIC
CONNECT USER SA
/*C100*/SET SCHEMA PUBLIC
CONNECT USER SA
/*C98*/DISCONNECT
/*C100*/DISCONNECT
/*C99*/DISCONNECT
/*C101*/SET SCHEMA PUBLIC
CONNECT USER SA
DISCONNECT
/*C102*/SET SCHEMA PUBLIC
CONNECT USER SA
DISCONNECT
/*C103*/SET SCHEMA PUBLIC
CONNECT USER SA
DISCONNECT
/*C104*/SET SCHEMA PUBLIC
CONNECT USER SA
/*C105*/SET SCHEMA PUBLIC
CONNECT USER SA
/*C106*/SET SCHEMA PUBLIC
CONNECT USER SA
DISCONNECT
/*C105*/DISCONNECT
/*C104*/DISCONNECT
/*C107*/SET SCHEMA PUBLIC
CONNECT USER SA
DISCONNECT
/*C108*/SET SCHEMA PUBLIC
CONNECT USER SA
/*C109*/SET SCHEMA PUBLIC
CONNECT USER SA
/*C110*/SET SCHEMA PUBLIC
CONNECT USER SA
/*C111*/SET SCHEMA PUBLIC
CONNECT USER SA
/*C110*/DISCONNECT
/*C109*/DISCONNECT
/*C108*/DISCONNECT
/*C111*/DISCONNECT
/*C112*/SET SCHEMA PUBLIC
CONNECT USER SA
/*C113*/SET SCHEMA PUBLIC
CONNECT USER SA
/*C114*/SET SCHEMA PUBLIC
CONNECT USER SA
/*C113*/DISCONNECT
/*C114*/DISCONNECT
/*C112*/DISCONNECT
/*C115*/SET SCHEMA PUBLIC
CONNECT USER SA
/*C116*/SET SCHEMA PUBLIC
CONNECT USER SA
/*C117*/SET SCHEMA PUBLIC
CONNECT USER SA
/*C118*/SET SCHEMA PUBLIC
CONNECT USER SA
/*C119*/SET SCHEMA PUBLIC
CONNECT USER SA
DISCONNECT
/*C115*/DISCONNECT
/*C116*/DISCONNECT
/*C117*/DISCONNECT
/*C118*/DISCONNECT
/*C120*/SET SCHEMA PUBLIC
CONNECT USER SA
DISCONNECT
/*C121*/SET SCHEMA PUBLIC
CONNECT USER SA
/*C122*/SET SCHEMA PUBLIC
CONNECT USER SA
/*C123*/SET SCHEMA PUBLIC
CONNECT USER SA
/*C121*/DISCONNECT
/*C123*/DISCONNECT
/*C122*/DISCONNECT
/*C124*/SET SCHEMA PUBLIC
CONNECT USER SA
/*C125*/SET SCHEMA PUBLIC
CONNECT USER SA
/*C126*/SET SCHEMA PUBLIC
CONNECT USER SA
/*C127*/SET SCHEMA PUBLIC
CONNECT USER SA
INSERT INTO MESSAGES VALUES(1,'Coucou','Test','1','2017-05-22 13:52:28.610000000','2017-05-22 13:52:28.610000000',0)
DISCONNECT
/*C125*/DISCONNECT
/*C124*/DISCONNECT
/*C126*/DISCONNECT
/*C128*/SET SCHEMA PUBLIC
CONNECT USER SA
DISCONNECT
/*C129*/SET SCHEMA PUBLIC
CONNECT USER SA
/*C130*/SET SCHEMA PUBLIC
CONNECT USER SA
/*C131*/SET SCHEMA PUBLIC
CONNECT USER SA
/*C132*/SET SCHEMA PUBLIC
CONNECT USER SA
/*C133*/SET SCHEMA PUBLIC
CONNECT USER SA
INSERT INTO MESSAGES VALUES(2,'Coucou2','ez','1','2017-05-22 13:55:45.254000000','2017-05-22 13:55:45.254000000',0)
DISCONNECT
/*C134*/SET SCHEMA PUBLIC
CONNECT USER SA
/*C135*/SET SCHEMA PUBLIC
CONNECT USER SA
/*C136*/SET SCHEMA PUBLIC
CONNECT USER SA
/*C135*/DISCONNECT
/*C134*/DISCONNECT
/*C136*/DISCONNECT
/*C137*/SET SCHEMA PUBLIC
CONNECT USER SA
/*C138*/SET SCHEMA PUBLIC
CONNECT USER SA
/*C139*/SET SCHEMA PUBLIC
CONNECT USER SA
/*C140*/SET SCHEMA PUBLIC
CONNECT USER SA
/*C141*/SET SCHEMA PUBLIC
CONNECT USER SA
/*C142*/SET SCHEMA PUBLIC
CONNECT USER SA
/*C137*/DISCONNECT
/*C140*/DISCONNECT
/*C139*/DISCONNECT
/*C138*/DISCONNECT
/*C141*/DISCONNECT
/*C142*/DISCONNECT
/*C129*/DISCONNECT
/*C132*/DISCONNECT
/*C130*/DISCONNECT
/*C131*/DISCONNECT
/*C143*/SET SCHEMA PUBLIC
CONNECT USER SA
/*C144*/SET SCHEMA PUBLIC
CONNECT USER SA
/*C145*/SET SCHEMA PUBLIC
CONNECT USER SA
/*C146*/SET SCHEMA PUBLIC
CONNECT USER SA
/*C147*/SET SCHEMA PUBLIC
CONNECT USER SA
DISCONNECT
/*C143*/DISCONNECT
/*C144*/DISCONNECT
/*C145*/DISCONNECT
/*C146*/DISCONNECT
/*C148*/SET SCHEMA PUBLIC
CONNECT USER SA
/*C149*/SET SCHEMA PUBLIC
CONNECT USER SA
/*C150*/SET SCHEMA PUBLIC
CONNECT USER SA
/*C151*/SET SCHEMA PUBLIC
CONNECT USER SA
/*C152*/SET SCHEMA PUBLIC
CONNECT USER SA
/*C153*/SET SCHEMA PUBLIC
CONNECT USER SA
/*C154*/SET SCHEMA PUBLIC
CONNECT USER SA
/*C149*/DISCONNECT
/*C151*/DISCONNECT
/*C153*/DISCONNECT
/*C152*/DISCONNECT
/*C150*/DISCONNECT
/*C154*/DISCONNECT
/*C148*/DISCONNECT
/*C155*/SET SCHEMA PUBLIC
CONNECT USER SA
/*C156*/SET SCHEMA PUBLIC
CONNECT USER SA
/*C157*/SET SCHEMA PUBLIC
CONNECT USER SA
/*C158*/SET SCHEMA PUBLIC
CONNECT USER SA
/*C159*/SET SCHEMA PUBLIC
CONNECT USER SA
/*C160*/SET SCHEMA PUBLIC
CONNECT USER SA
/*C161*/SET SCHEMA PUBLIC
CONNECT USER SA
DISCONNECT
/*C160*/DISCONNECT
/*C159*/DISCONNECT
/*C158*/DISCONNECT
/*C157*/DISCONNECT
/*C156*/DISCONNECT
/*C155*/DISCONNECT
/*C162*/SET SCHEMA PUBLIC
CONNECT USER SA
/*C163*/SET SCHEMA PUBLIC
CONNECT USER SA
/*C164*/SET SCHEMA PUBLIC
CONNECT USER SA
/*C165*/SET SCHEMA PUBLIC
CONNECT USER SA
/*C166*/SET SCHEMA PUBLIC
CONNECT USER SA
/*C167*/SET SCHEMA PUBLIC
CONNECT USER SA
/*C168*/SET SCHEMA PUBLIC
CONNECT USER SA
/*C169*/SET SCHEMA PUBLIC
CONNECT USER SA
/*C162*/DISCONNECT
/*C169*/DISCONNECT
/*C168*/DISCONNECT
/*C167*/DISCONNECT
/*C166*/DISCONNECT
/*C165*/DISCONNECT
/*C164*/DISCONNECT
/*C163*/DISCONNECT
/*C170*/SET SCHEMA PUBLIC
CONNECT USER SA
/*C171*/SET SCHEMA PUBLIC
CONNECT USER SA
/*C172*/SET SCHEMA PUBLIC
CONNECT USER SA
/*C173*/SET SCHEMA PUBLIC
CONNECT USER SA
/*C174*/SET SCHEMA PUBLIC
CONNECT USER SA
/*C175*/SET SCHEMA PUBLIC
CONNECT USER SA
/*C176*/SET SCHEMA PUBLIC
CONNECT USER SA
/*C177*/SET SCHEMA PUBLIC
CONNECT USER SA
/*C171*/DISCONNECT
/*C177*/DISCONNECT
/*C176*/DISCONNECT
/*C175*/DISCONNECT
/*C174*/DISCONNECT
/*C173*/DISCONNECT
/*C172*/DISCONNECT
/*C170*/DISCONNECT
/*C178*/SET SCHEMA PUBLIC
CONNECT USER SA
/*C179*/SET SCHEMA PUBLIC
CONNECT USER SA
/*C180*/SET SCHEMA PUBLIC
CONNECT USER SA
/*C181*/SET SCHEMA PUBLIC
CONNECT USER SA
/*C182*/SET SCHEMA PUBLIC
CONNECT USER SA
/*C183*/SET SCHEMA PUBLIC
CONNECT USER SA
/*C184*/SET SCHEMA PUBLIC
CONNECT USER SA
/*C185*/SET SCHEMA PUBLIC
CONNECT USER SA
DISCONNECT
/*C184*/DISCONNECT
/*C183*/DISCONNECT
/*C182*/DISCONNECT
/*C181*/DISCONNECT
/*C180*/DISCONNECT
/*C179*/DISCONNECT
/*C178*/DISCONNECT
/*C186*/SET SCHEMA PUBLIC
CONNECT USER SA
/*C187*/SET SCHEMA PUBLIC
CONNECT USER SA
/*C188*/SET SCHEMA PUBLIC
CONNECT USER SA
/*C189*/SET SCHEMA PUBLIC
CONNECT USER SA
/*C190*/SET SCHEMA PUBLIC
CONNECT USER SA
/*C191*/SET SCHEMA PUBLIC
CONNECT USER SA
/*C192*/SET SCHEMA PUBLIC
CONNECT USER SA
/*C193*/SET SCHEMA PUBLIC
CONNECT USER SA
/*C194*/SET SCHEMA PUBLIC
CONNECT USER SA
DISCONNECT
/*C186*/DISCONNECT
/*C187*/DISCONNECT
/*C188*/DISCONNECT
/*C189*/DISCONNECT
/*C190*/DISCONNECT
/*C191*/DISCONNECT
/*C192*/DISCONNECT
/*C193*/DISCONNECT
/*C195*/SET SCHEMA PUBLIC
CONNECT USER SA
/*C196*/SET SCHEMA PUBLIC
CONNECT USER SA
/*C197*/SET SCHEMA PUBLIC
CONNECT USER SA
/*C198*/SET SCHEMA PUBLIC
CONNECT USER SA
/*C199*/SET SCHEMA PUBLIC
CONNECT USER SA
/*C200*/SET SCHEMA PUBLIC
CONNECT USER SA
/*C201*/SET SCHEMA PUBLIC
CONNECT USER SA
/*C202*/SET SCHEMA PUBLIC
CONNECT USER SA
/*C203*/SET SCHEMA PUBLIC
CONNECT USER SA
/*C204*/SET SCHEMA PUBLIC
CONNECT USER SA
/*C205*/SET SCHEMA PUBLIC
CONNECT USER SA
/*C206*/SET SCHEMA PUBLIC
CONNECT USER SA
/*C207*/SET SCHEMA PUBLIC
CONNECT USER SA
/*C208*/SET SCHEMA PUBLIC
CONNECT USER SA
/*C209*/SET SCHEMA PUBLIC
CONNECT USER SA
/*C210*/SET SCHEMA PUBLIC
CONNECT USER SA
/*C211*/SET SCHEMA PUBLIC
CONNECT USER SA
/*C212*/SET SCHEMA PUBLIC
CONNECT USER SA
/*C213*/SET SCHEMA PUBLIC
CONNECT USER SA
/*C214*/SET SCHEMA PUBLIC
CONNECT USER SA
/*C208*/DISCONNECT
/*C203*/DISCONNECT
/*C206*/DISCONNECT
/*C205*/DISCONNECT
/*C204*/DISCONNECT
/*C209*/DISCONNECT
/*C207*/DISCONNECT
/*C212*/DISCONNECT
/*C211*/DISCONNECT
/*C210*/DISCONNECT
/*C214*/DISCONNECT
/*C213*/DISCONNECT
/*C215*/SET SCHEMA PUBLIC
CONNECT USER SA
DISCONNECT
/*C216*/SET SCHEMA PUBLIC
CONNECT USER SA
/*C217*/SET SCHEMA PUBLIC
CONNECT USER SA
/*C218*/SET SCHEMA PUBLIC
CONNECT USER SA
/*C200*/DISCONNECT
/*C218*/DISCONNECT
/*C216*/DISCONNECT
/*C217*/DISCONNECT
/*C202*/DISCONNECT
/*C201*/DISCONNECT
/*C199*/DISCONNECT
/*C198*/DISCONNECT
/*C197*/DISCONNECT
/*C196*/DISCONNECT
/*C195*/DISCONNECT
/*C219*/SET SCHEMA PUBLIC
CONNECT USER SA
/*C220*/SET SCHEMA PUBLIC
CONNECT USER SA
/*C221*/SET SCHEMA PUBLIC
CONNECT USER SA
/*C222*/SET SCHEMA PUBLIC
CONNECT USER SA
/*C223*/SET SCHEMA PUBLIC
CONNECT USER SA
/*C224*/SET SCHEMA PUBLIC
CONNECT USER SA
/*C225*/SET SCHEMA PUBLIC
CONNECT USER SA
/*C226*/SET SCHEMA PUBLIC
CONNECT USER SA
DISCONNECT
/*C225*/DISCONNECT
/*C224*/DISCONNECT
/*C223*/DISCONNECT
/*C222*/DISCONNECT
/*C221*/DISCONNECT
/*C220*/DISCONNECT
/*C219*/DISCONNECT
/*C227*/SET SCHEMA PUBLIC
CONNECT USER SA
/*C228*/SET SCHEMA PUBLIC
CONNECT USER SA
/*C229*/SET SCHEMA PUBLIC
CONNECT USER SA
/*C227*/DISCONNECT
/*C229*/DISCONNECT
/*C230*/SET SCHEMA PUBLIC
CONNECT USER SA
/*C228*/DISCONNECT
/*C231*/SET SCHEMA PUBLIC
CONNECT USER SA
/*C232*/SET SCHEMA PUBLIC
CONNECT USER SA
/*C230*/DISCONNECT
/*C231*/DISCONNECT
/*C232*/DISCONNECT
/*C233*/SET SCHEMA PUBLIC
CONNECT USER SA
/*C234*/SET SCHEMA PUBLIC
CONNECT USER SA
/*C235*/SET SCHEMA PUBLIC
CONNECT USER SA
/*C236*/SET SCHEMA PUBLIC
CONNECT USER SA
/*C237*/SET SCHEMA PUBLIC
CONNECT USER SA
/*C238*/SET SCHEMA PUBLIC
CONNECT USER SA
/*C239*/SET SCHEMA PUBLIC
CONNECT USER SA
/*C240*/SET SCHEMA PUBLIC
CONNECT USER SA
/*C234*/DISCONNECT
/*C240*/DISCONNECT
/*C239*/DISCONNECT
/*C238*/DISCONNECT
/*C237*/DISCONNECT
/*C236*/DISCONNECT
/*C235*/DISCONNECT
/*C233*/DISCONNECT
/*C241*/SET SCHEMA PUBLIC
CONNECT USER SA
/*C242*/SET SCHEMA PUBLIC
CONNECT USER SA
/*C243*/SET SCHEMA PUBLIC
CONNECT USER SA
/*C244*/SET SCHEMA PUBLIC
CONNECT USER SA
/*C245*/SET SCHEMA PUBLIC
CONNECT USER SA
/*C246*/SET SCHEMA PUBLIC
CONNECT USER SA
/*C247*/SET SCHEMA PUBLIC
CONNECT USER SA
/*C248*/SET SCHEMA PUBLIC
CONNECT USER SA
/*C241*/DISCONNECT
/*C248*/DISCONNECT
/*C247*/DISCONNECT
/*C246*/DISCONNECT
/*C245*/DISCONNECT
/*C244*/DISCONNECT
/*C243*/DISCONNECT
/*C242*/DISCONNECT
/*C249*/SET SCHEMA PUBLIC
CONNECT USER SA
/*C250*/SET SCHEMA PUBLIC
CONNECT USER SA
/*C251*/SET SCHEMA PUBLIC
CONNECT USER SA
/*C252*/SET SCHEMA PUBLIC
CONNECT USER SA
/*C253*/SET SCHEMA PUBLIC
CONNECT USER SA
/*C254*/SET SCHEMA PUBLIC
CONNECT USER SA
/*C255*/SET SCHEMA PUBLIC
CONNECT USER SA
/*C256*/SET SCHEMA PUBLIC
CONNECT USER SA
DISCONNECT
/*C255*/DISCONNECT
/*C254*/DISCONNECT
/*C253*/DISCONNECT
/*C252*/DISCONNECT
/*C251*/DISCONNECT
/*C250*/DISCONNECT
/*C249*/DISCONNECT
/*C257*/SET SCHEMA PUBLIC
CONNECT USER SA
/*C258*/SET SCHEMA PUBLIC
CONNECT USER SA
/*C259*/SET SCHEMA PUBLIC
CONNECT USER SA
/*C260*/SET SCHEMA PUBLIC
CONNECT USER SA
/*C261*/SET SCHEMA PUBLIC
CONNECT USER SA
/*C257*/DISCONNECT
/*C261*/DISCONNECT
/*C260*/DISCONNECT
/*C259*/DISCONNECT
/*C258*/DISCONNECT
/*C262*/SET SCHEMA PUBLIC
CONNECT USER SA
/*C263*/SET SCHEMA PUBLIC
CONNECT USER SA
/*C264*/SET SCHEMA PUBLIC
CONNECT USER SA
/*C265*/SET SCHEMA PUBLIC
CONNECT USER SA
/*C266*/SET SCHEMA PUBLIC
CONNECT USER SA
/*C267*/SET SCHEMA PUBLIC
CONNECT USER SA
/*C268*/SET SCHEMA PUBLIC
CONNECT USER SA
DELETE FROM MESSAGES WHERE ID=1
/*C269*/SET SCHEMA PUBLIC
CONNECT USER SA
/*C270*/SET SCHEMA PUBLIC
CONNECT USER SA
/*C267*/DISCONNECT
/*C270*/DISCONNECT
/*C269*/DISCONNECT
/*C268*/DISCONNECT
/*C263*/DISCONNECT
/*C262*/DISCONNECT
/*C266*/DISCONNECT
/*C265*/DISCONNECT
/*C264*/DISCONNECT
/*C271*/SET SCHEMA PUBLIC
CONNECT USER SA
/*C272*/SET SCHEMA PUBLIC
CONNECT USER SA
/*C273*/SET SCHEMA PUBLIC
CONNECT USER SA
/*C274*/SET SCHEMA PUBLIC
CONNECT USER SA
/*C275*/SET SCHEMA PUBLIC
CONNECT USER SA
INSERT INTO MESSAGES VALUES(3,'Recoucou','Test','1','2017-05-22 15:52:11.718000000','2017-05-22 15:52:11.718000000',0)
DISCONNECT
/*C274*/DISCONNECT
/*C273*/DISCONNECT
/*C272*/DISCONNECT
/*C271*/DISCONNECT
/*C276*/SET SCHEMA PUBLIC
CONNECT USER SA
/*C277*/SET SCHEMA PUBLIC
CONNECT USER SA
/*C278*/SET SCHEMA PUBLIC
CONNECT USER SA
/*C279*/SET SCHEMA PUBLIC
CONNECT USER SA
/*C280*/SET SCHEMA PUBLIC
CONNECT USER SA
/*C281*/SET SCHEMA PUBLIC
CONNECT USER SA
/*C278*/DISCONNECT
/*C277*/DISCONNECT
/*C276*/DISCONNECT
/*C281*/DISCONNECT
/*C280*/DISCONNECT
/*C279*/DISCONNECT
/*C282*/SET SCHEMA PUBLIC
CONNECT USER SA
DISCONNECT
/*C283*/SET SCHEMA PUBLIC
CONNECT USER SA
/*C284*/SET SCHEMA PUBLIC
CONNECT USER SA
/*C285*/SET SCHEMA PUBLIC
CONNECT USER SA
/*C286*/SET SCHEMA PUBLIC
CONNECT USER SA
/*C287*/SET SCHEMA PUBLIC
CONNECT USER SA
/*C288*/SET SCHEMA PUBLIC
CONNECT USER SA
INSERT INTO MESSAGES VALUES(4,'Coucou','Test','1','2017-05-22 15:53:09.018000000','2017-05-22 15:53:09.018000000',0)
DISCONNECT
/*C289*/SET SCHEMA PUBLIC
CONNECT USER SA
/*C290*/SET SCHEMA PUBLIC
CONNECT USER SA
/*C291*/SET SCHEMA PUBLIC
CONNECT USER SA
/*C292*/SET SCHEMA PUBLIC
CONNECT USER SA
/*C293*/SET SCHEMA PUBLIC
CONNECT USER SA
/*C294*/SET SCHEMA PUBLIC
CONNECT USER SA
/*C295*/SET SCHEMA PUBLIC
CONNECT USER SA
/*C296*/SET SCHEMA PUBLIC
CONNECT USER SA
/*C297*/SET SCHEMA PUBLIC
CONNECT USER SA
/*C298*/SET SCHEMA PUBLIC
CONNECT USER SA
/*C299*/SET SCHEMA PUBLIC
CONNECT USER SA
DELETE FROM MESSAGES WHERE ID=2
/*C300*/SET SCHEMA PUBLIC
CONNECT USER SA
/*C301*/SET SCHEMA PUBLIC
CONNECT USER SA
/*C302*/SET SCHEMA PUBLIC
CONNECT USER SA
/*C303*/SET SCHEMA PUBLIC
CONNECT USER SA
/*C304*/SET SCHEMA PUBLIC
CONNECT USER SA
/*C305*/SET SCHEMA PUBLIC
CONNECT USER SA
/*C306*/SET SCHEMA PUBLIC
CONNECT USER SA
/*C307*/SET SCHEMA PUBLIC
CONNECT USER SA
/*C308*/SET SCHEMA PUBLIC
CONNECT USER SA
/*C309*/SET SCHEMA PUBLIC
CONNECT USER SA
DELETE FROM MESSAGES WHERE ID=3
/*C310*/SET SCHEMA PUBLIC
CONNECT USER SA
/*C311*/SET SCHEMA PUBLIC
CONNECT USER SA
/*C312*/SET SCHEMA PUBLIC
CONNECT USER SA
/*C313*/SET SCHEMA PUBLIC
CONNECT USER SA
/*C314*/SET SCHEMA PUBLIC
CONNECT USER SA
/*C283*/DISCONNECT
/*C314*/DISCONNECT
/*C313*/DISCONNECT
/*C312*/DISCONNECT
/*C311*/DISCONNECT
/*C310*/DISCONNECT
/*C309*/DISCONNECT
/*C308*/DISCONNECT
/*C307*/DISCONNECT
/*C306*/DISCONNECT
/*C305*/DISCONNECT
/*C304*/DISCONNECT
/*C303*/DISCONNECT
/*C302*/DISCONNECT
/*C301*/DISCONNECT
/*C300*/DISCONNECT
/*C299*/DISCONNECT
/*C298*/DISCONNECT
/*C297*/DISCONNECT
/*C296*/DISCONNECT
/*C295*/DISCONNECT
/*C294*/DISCONNECT
/*C293*/DISCONNECT
/*C292*/DISCONNECT
/*C291*/DISCONNECT
/*C290*/DISCONNECT
/*C289*/DISCONNECT
/*C287*/DISCONNECT
/*C286*/DISCONNECT
/*C285*/DISCONNECT
/*C284*/DISCONNECT
/*C315*/SET SCHEMA PUBLIC
CONNECT USER SA
/*C316*/SET SCHEMA PUBLIC
CONNECT USER SA
/*C317*/SET SCHEMA PUBLIC
CONNECT USER SA
/*C318*/SET SCHEMA PUBLIC
CONNECT USER SA
/*C319*/SET SCHEMA PUBLIC
CONNECT USER SA
/*C320*/SET SCHEMA PUBLIC
CONNECT USER SA
/*C321*/SET SCHEMA PUBLIC
CONNECT USER SA
/*C322*/SET SCHEMA PUBLIC
CONNECT USER SA
INSERT INTO MESSAGES VALUES(5,NULL,NULL,'1','2017-05-22 15:55:46.860000000','2017-05-22 15:55:46.860000000',1)
DISCONNECT
/*C323*/SET SCHEMA PUBLIC
CONNECT USER SA
/*C324*/SET SCHEMA PUBLIC
CONNECT USER SA
/*C325*/SET SCHEMA PUBLIC
CONNECT USER SA
/*C326*/SET SCHEMA PUBLIC
CONNECT USER SA
/*C327*/SET SCHEMA PUBLIC
CONNECT USER SA
/*C328*/SET SCHEMA PUBLIC
CONNECT USER SA
/*C329*/SET SCHEMA PUBLIC
CONNECT USER SA
INSERT INTO MESSAGES VALUES(6,NULL,NULL,'1','2017-05-22 15:56:06.612000000','2017-05-22 15:56:06.612000000',2)
DISCONNECT
/*C330*/SET SCHEMA PUBLIC
CONNECT USER SA
/*C331*/SET SCHEMA PUBLIC
CONNECT USER SA
/*C332*/SET SCHEMA PUBLIC
CONNECT USER SA
/*C333*/SET SCHEMA PUBLIC
CONNECT USER SA
/*C334*/SET SCHEMA PUBLIC
CONNECT USER SA
/*C335*/SET SCHEMA PUBLIC
CONNECT USER SA
/*C336*/SET SCHEMA PUBLIC
CONNECT USER SA
/*C337*/SET SCHEMA PUBLIC
CONNECT USER SA
/*C338*/SET SCHEMA PUBLIC
CONNECT USER SA
/*C339*/SET SCHEMA PUBLIC
CONNECT USER SA
/*C340*/SET SCHEMA PUBLIC
CONNECT USER SA
DELETE FROM MESSAGES WHERE ID=6
/*C341*/SET SCHEMA PUBLIC
CONNECT USER SA
/*C342*/SET SCHEMA PUBLIC
CONNECT USER SA
/*C343*/SET SCHEMA PUBLIC
CONNECT USER SA
/*C344*/SET SCHEMA PUBLIC
CONNECT USER SA
/*C345*/SET SCHEMA PUBLIC
CONNECT USER SA
/*C346*/SET SCHEMA PUBLIC
CONNECT USER SA
/*C316*/DISCONNECT
/*C325*/DISCONNECT
/*C324*/DISCONNECT
/*C323*/DISCONNECT
/*C327*/DISCONNECT
/*C326*/DISCONNECT
/*C330*/DISCONNECT
/*C328*/DISCONNECT
/*C333*/DISCONNECT
/*C332*/DISCONNECT
/*C331*/DISCONNECT
/*C336*/DISCONNECT
/*C335*/DISCONNECT
/*C334*/DISCONNECT
/*C346*/DISCONNECT
/*C345*/DISCONNECT
/*C344*/DISCONNECT
/*C343*/DISCONNECT
/*C339*/DISCONNECT
/*C338*/DISCONNECT
/*C337*/DISCONNECT
/*C342*/DISCONNECT
/*C341*/DISCONNECT
/*C340*/DISCONNECT
/*C321*/DISCONNECT
/*C320*/DISCONNECT
/*C319*/DISCONNECT
/*C318*/DISCONNECT
/*C317*/DISCONNECT
/*C315*/DISCONNECT
/*C347*/SET SCHEMA PUBLIC
CONNECT USER SA
/*C348*/SET SCHEMA PUBLIC
CONNECT USER SA
/*C349*/SET SCHEMA PUBLIC
CONNECT USER SA
/*C350*/SET SCHEMA PUBLIC
CONNECT USER SA
DELETE FROM MESSAGES WHERE ID=5
/*C351*/SET SCHEMA PUBLIC
CONNECT USER SA
/*C352*/SET SCHEMA PUBLIC
CONNECT USER SA
/*C348*/DISCONNECT
/*C351*/DISCONNECT
/*C347*/DISCONNECT
/*C352*/DISCONNECT
/*C349*/DISCONNECT
/*C350*/DISCONNECT
/*C353*/SET SCHEMA PUBLIC
CONNECT USER SA
/*C354*/SET SCHEMA PUBLIC
CONNECT USER SA
/*C355*/SET SCHEMA PUBLIC
CONNECT USER SA
/*C356*/SET SCHEMA PUBLIC
CONNECT USER SA
/*C357*/SET SCHEMA PUBLIC
CONNECT USER SA
/*C358*/SET SCHEMA PUBLIC
CONNECT USER SA
/*C359*/SET SCHEMA PUBLIC
CONNECT USER SA
/*C360*/SET SCHEMA PUBLIC
CONNECT USER SA
/*C361*/SET SCHEMA PUBLIC
CONNECT USER SA
/*C362*/SET SCHEMA PUBLIC
CONNECT USER SA
/*C363*/SET SCHEMA PUBLIC
CONNECT USER SA
DELETE FROM MESSAGES WHERE ID=4
/*C364*/SET SCHEMA PUBLIC
CONNECT USER SA
/*C356*/DISCONNECT
/*C364*/DISCONNECT
/*C363*/DISCONNECT
/*C362*/DISCONNECT
/*C361*/DISCONNECT
/*C360*/DISCONNECT
/*C359*/DISCONNECT
/*C358*/DISCONNECT
/*C357*/DISCONNECT
/*C355*/DISCONNECT
/*C354*/DISCONNECT
/*C353*/DISCONNECT
/*C365*/SET SCHEMA PUBLIC
CONNECT USER SA
/*C366*/SET SCHEMA PUBLIC
CONNECT USER SA
/*C367*/SET SCHEMA PUBLIC
CONNECT USER SA
/*C365*/DISCONNECT
/*C366*/DISCONNECT
/*C367*/DISCONNECT
/*C368*/SET SCHEMA PUBLIC
CONNECT USER SA
INSERT INTO MESSAGES VALUES(1,'Coucou','Test','1','2017-05-22 16:00:43.836000000','2017-05-22 16:00:43.836000000',0)
DISCONNECT
/*C369*/SET SCHEMA PUBLIC
CONNECT USER SA
/*C370*/SET SCHEMA PUBLIC
CONNECT USER SA
/*C371*/SET SCHEMA PUBLIC
CONNECT USER SA
/*C372*/SET SCHEMA PUBLIC
CONNECT USER SA
/*C373*/SET SCHEMA PUBLIC
CONNECT USER SA
/*C374*/SET SCHEMA PUBLIC
CONNECT USER SA
/*C375*/SET SCHEMA PUBLIC
CONNECT USER SA
/*C376*/SET SCHEMA PUBLIC
CONNECT USER SA
/*C377*/SET SCHEMA PUBLIC
CONNECT USER SA
SET AUTOCOMMIT FALSE
DELETE FROM MESSAGES WHERE ID=1
INSERT INTO MESSAGES VALUES(1,'Coucou','Test','1','2017-05-22 16:00:43.836000000','2017-05-22 16:00:43.836000000',2)
SET AUTOCOMMIT TRUE
DISCONNECT
/*C378*/SET SCHEMA PUBLIC
CONNECT USER SA
/*C379*/SET SCHEMA PUBLIC
CONNECT USER SA
/*C380*/SET SCHEMA PUBLIC
CONNECT USER SA
/*C381*/SET SCHEMA PUBLIC
CONNECT USER SA
/*C382*/SET SCHEMA PUBLIC
CONNECT USER SA
/*C383*/SET SCHEMA PUBLIC
CONNECT USER SA
/*C384*/SET SCHEMA PUBLIC
CONNECT USER SA
/*C385*/SET SCHEMA PUBLIC
CONNECT USER SA
/*C386*/SET SCHEMA PUBLIC
CONNECT USER SA
SET AUTOCOMMIT FALSE
DELETE FROM MESSAGES WHERE ID=1
INSERT INTO MESSAGES VALUES(1,'Coucou','Test','1','2017-05-22 16:00:43.836000000','2017-05-22 16:00:43.836000000',0)
SET AUTOCOMMIT TRUE
DISCONNECT
/*C387*/SET SCHEMA PUBLIC
CONNECT USER SA
/*C388*/SET SCHEMA PUBLIC
CONNECT USER SA
/*C373*/DISCONNECT
/*C384*/DISCONNECT
/*C385*/DISCONNECT
/*C387*/DISCONNECT
/*C388*/DISCONNECT
/*C380*/DISCONNECT
/*C381*/DISCONNECT
/*C382*/DISCONNECT
/*C383*/DISCONNECT
/*C375*/DISCONNECT
/*C376*/DISCONNECT
/*C378*/DISCONNECT
/*C379*/DISCONNECT
/*C371*/DISCONNECT
/*C372*/DISCONNECT
/*C374*/DISCONNECT
/*C369*/DISCONNECT
/*C370*/DISCONNECT
/*C389*/SET SCHEMA PUBLIC
CONNECT USER SA
/*C390*/SET SCHEMA PUBLIC
CONNECT USER SA
/*C391*/SET SCHEMA PUBLIC
CONNECT USER SA
/*C392*/SET SCHEMA PUBLIC
CONNECT USER SA
/*C391*/DISCONNECT
/*C389*/DISCONNECT
/*C390*/DISCONNECT
/*C392*/DISCONNECT
/*C393*/SET SCHEMA PUBLIC
CONNECT USER SA
INSERT INTO USERS VALUES('Charlie','test',FALSE)
/*C394*/SET SCHEMA PUBLIC
CONNECT USER SA
/*C395*/SET SCHEMA PUBLIC
CONNECT USER SA
SET AUTOCOMMIT FALSE
DELETE FROM USERS WHERE ID='ADMIN'
INSERT INTO USERS VALUES('ADMIN','oui',FALSE)
SET AUTOCOMMIT TRUE
DISCONNECT
/*C396*/SET SCHEMA PUBLIC
CONNECT USER SA
/*C397*/SET SCHEMA PUBLIC
CONNECT USER SA
/*C398*/SET SCHEMA PUBLIC
CONNECT USER SA
/*C399*/SET SCHEMA PUBLIC
CONNECT USER SA
/*C400*/SET SCHEMA PUBLIC
CONNECT USER SA
/*C401*/SET SCHEMA PUBLIC
CONNECT USER SA
/*C402*/SET SCHEMA PUBLIC
CONNECT USER SA
/*C403*/SET SCHEMA PUBLIC
CONNECT USER SA
/*C404*/SET SCHEMA PUBLIC
CONNECT USER SA
/*C405*/SET SCHEMA PUBLIC
CONNECT USER SA
/*C406*/SET SCHEMA PUBLIC
CONNECT USER SA
/*C407*/SET SCHEMA PUBLIC
CONNECT USER SA
/*C408*/SET SCHEMA PUBLIC
CONNECT USER SA
/*C409*/SET SCHEMA PUBLIC
CONNECT USER SA
/*C410*/SET SCHEMA PUBLIC
CONNECT USER SA
/*C411*/SET SCHEMA PUBLIC
CONNECT USER SA
/*C412*/SET SCHEMA PUBLIC
CONNECT USER SA
/*C413*/SET SCHEMA PUBLIC
CONNECT USER SA
/*C414*/SET SCHEMA PUBLIC
CONNECT USER SA
/*C415*/SET SCHEMA PUBLIC
CONNECT USER SA
/*C416*/SET SCHEMA PUBLIC
CONNECT USER SA
/*C417*/SET SCHEMA PUBLIC
CONNECT USER SA
/*C418*/SET SCHEMA PUBLIC
CONNECT USER SA
/*C419*/SET SCHEMA PUBLIC
CONNECT USER SA
SET AUTOCOMMIT FALSE
DELETE FROM USERS WHERE ID='ADMIN'
INSERT INTO USERS VALUES('ADMIN','oui',FALSE)
SET AUTOCOMMIT TRUE
DISCONNECT
/*C420*/SET SCHEMA PUBLIC
CONNECT USER SA
/*C421*/SET SCHEMA PUBLIC
CONNECT USER SA
/*C422*/SET SCHEMA PUBLIC
CONNECT USER SA
/*C423*/SET SCHEMA PUBLIC
CONNECT USER SA
/*C424*/SET SCHEMA PUBLIC
CONNECT USER SA
/*C425*/SET SCHEMA PUBLIC
CONNECT USER SA
/*C426*/SET SCHEMA PUBLIC
CONNECT USER SA
INSERT INTO USERS VALUES('tri','test',FALSE)
/*C427*/SET SCHEMA PUBLIC
CONNECT USER SA
/*C428*/SET SCHEMA PUBLIC
CONNECT USER SA
/*C429*/SET SCHEMA PUBLIC
CONNECT USER SA
/*C430*/SET SCHEMA PUBLIC
CONNECT USER SA
/*C431*/SET SCHEMA PUBLIC
CONNECT USER SA
/*C432*/SET SCHEMA PUBLIC
CONNECT USER SA
/*C433*/SET SCHEMA PUBLIC
CONNECT USER SA
/*C434*/SET SCHEMA PUBLIC
CONNECT USER SA
/*C435*/SET SCHEMA PUBLIC
CONNECT USER SA
/*C436*/SET SCHEMA PUBLIC
CONNECT USER SA
/*C403*/DISCONNECT
/*C394*/DISCONNECT
/*C393*/DISCONNECT
/*C398*/DISCONNECT
/*C397*/DISCONNECT
/*C396*/DISCONNECT
/*C436*/DISCONNECT
/*C435*/DISCONNECT
/*C434*/DISCONNECT
/*C433*/DISCONNECT
/*C432*/DISCONNECT
/*C431*/DISCONNECT
/*C430*/DISCONNECT
/*C429*/DISCONNECT
/*C406*/DISCONNECT
/*C405*/DISCONNECT
/*C404*/DISCONNECT
/*C402*/DISCONNECT
/*C416*/DISCONNECT
/*C399*/DISCONNECT
/*C401*/DISCONNECT
/*C400*/DISCONNECT
/*C415*/DISCONNECT
/*C414*/DISCONNECT
/*C413*/DISCONNECT
/*C412*/DISCONNECT
/*C411*/DISCONNECT
/*C410*/DISCONNECT
/*C409*/DISCONNECT
/*C408*/DISCONNECT
/*C407*/DISCONNECT
/*C424*/DISCONNECT
/*C423*/DISCONNECT
/*C422*/DISCONNECT
/*C421*/DISCONNECT
/*C420*/DISCONNECT
/*C418*/DISCONNECT
/*C417*/DISCONNECT
/*C428*/DISCONNECT
/*C427*/DISCONNECT
/*C426*/DISCONNECT
/*C425*/DISCONNECT
/*C437*/SET SCHEMA PUBLIC
CONNECT USER SA
DISCONNECT
/*C438*/SET SCHEMA PUBLIC
CONNECT USER SA
/*C439*/SET SCHEMA PUBLIC
CONNECT USER SA
/*C440*/SET SCHEMA PUBLIC
CONNECT USER SA
/*C441*/SET SCHEMA PUBLIC
CONNECT USER SA
/*C442*/SET SCHEMA PUBLIC
CONNECT USER SA
/*C443*/SET SCHEMA PUBLIC
CONNECT USER SA
/*C444*/SET SCHEMA PUBLIC
CONNECT USER SA
/*C445*/SET SCHEMA PUBLIC
CONNECT USER SA
/*C446*/SET SCHEMA PUBLIC
CONNECT USER SA
/*C447*/SET SCHEMA PUBLIC
CONNECT USER SA
/*C448*/SET SCHEMA PUBLIC
CONNECT USER SA
DELETE FROM MESSAGES WHERE ID=1
/*C449*/SET SCHEMA PUBLIC
CONNECT USER SA
/*C450*/SET SCHEMA PUBLIC
CONNECT USER SA
/*C439*/DISCONNECT
/*C450*/DISCONNECT
/*C449*/DISCONNECT
/*C448*/DISCONNECT
/*C447*/DISCONNECT
/*C446*/DISCONNECT
/*C445*/DISCONNECT
/*C444*/DISCONNECT
/*C443*/DISCONNECT
/*C442*/DISCONNECT
/*C441*/DISCONNECT
/*C440*/DISCONNECT
/*C438*/DISCONNECT
/*C451*/SET SCHEMA PUBLIC
CONNECT USER SA
/*C452*/SET SCHEMA PUBLIC
CONNECT USER SA
/*C453*/SET SCHEMA PUBLIC
CONNECT USER SA
/*C454*/SET SCHEMA PUBLIC
CONNECT USER SA
/*C455*/SET SCHEMA PUBLIC
CONNECT USER SA
/*C456*/SET SCHEMA PUBLIC
CONNECT USER SA
/*C453*/DISCONNECT
/*C456*/DISCONNECT
/*C455*/DISCONNECT
/*C454*/DISCONNECT
/*C452*/DISCONNECT
/*C451*/DISCONNECT
/*C457*/SET SCHEMA PUBLIC
CONNECT USER SA
/*C458*/SET SCHEMA PUBLIC
CONNECT USER SA
/*C459*/SET SCHEMA PUBLIC
CONNECT USER SA
/*C460*/SET SCHEMA PUBLIC
CONNECT USER SA
INSERT INTO USERS VALUES('Adm','test',FALSE)
/*C461*/SET SCHEMA PUBLIC
CONNECT USER SA
/*C457*/DISCONNECT
/*C459*/DISCONNECT
/*C458*/DISCONNECT
/*C460*/DISCONNECT
/*C461*/DISCONNECT
/*C462*/SET SCHEMA PUBLIC
CONNECT USER SA
/*C463*/SET SCHEMA PUBLIC
CONNECT USER SA
/*C464*/SET SCHEMA PUBLIC
CONNECT USER SA
/*C465*/SET SCHEMA PUBLIC
CONNECT USER SA
/*C466*/SET SCHEMA PUBLIC
CONNECT USER SA
/*C467*/SET SCHEMA PUBLIC
CONNECT USER SA
/*C468*/SET SCHEMA PUBLIC
CONNECT USER SA
/*C467*/DISCONNECT
/*C468*/DISCONNECT
/*C466*/DISCONNECT
/*C465*/DISCONNECT
/*C464*/DISCONNECT
/*C463*/DISCONNECT
/*C462*/DISCONNECT
/*C469*/SET SCHEMA PUBLIC
CONNECT USER SA
/*C470*/SET SCHEMA PUBLIC
CONNECT USER SA
/*C471*/SET SCHEMA PUBLIC
CONNECT USER SA
DISCONNECT
/*C470*/DISCONNECT
/*C469*/DISCONNECT
/*C472*/SET SCHEMA PUBLIC
CONNECT USER SA
/*C473*/SET SCHEMA PUBLIC
CONNECT USER SA
/*C474*/SET SCHEMA PUBLIC
CONNECT USER SA
/*C475*/SET SCHEMA PUBLIC
CONNECT USER SA
/*C476*/SET SCHEMA PUBLIC
CONNECT USER SA
/*C477*/SET SCHEMA PUBLIC
CONNECT USER SA
DELETE FROM USERS WHERE ID='Adm'
/*C478*/SET SCHEMA PUBLIC
CONNECT USER SA
/*C479*/SET SCHEMA PUBLIC
CONNECT USER SA
/*C480*/SET SCHEMA PUBLIC
CONNECT USER SA
DELETE FROM USERS WHERE ID='tri'
/*C481*/SET SCHEMA PUBLIC
CONNECT USER SA
/*C482*/SET SCHEMA PUBLIC
CONNECT USER SA
SET AUTOCOMMIT FALSE
DELETE FROM USERS WHERE ID='Charlie'
INSERT INTO USERS VALUES('Charlie','bite',FALSE)
SET AUTOCOMMIT TRUE
DISCONNECT
/*C483*/SET SCHEMA PUBLIC
CONNECT USER SA
/*C484*/SET SCHEMA PUBLIC
CONNECT USER SA
SET AUTOCOMMIT FALSE
DELETE FROM USERS WHERE ID='Charlie'
INSERT INTO USERS VALUES('Charlie','oui',FALSE)
SET AUTOCOMMIT TRUE
DISCONNECT
/*C485*/SET SCHEMA PUBLIC
CONNECT USER SA
/*C480*/DISCONNECT
/*C479*/DISCONNECT
/*C481*/DISCONNECT
/*C483*/DISCONNECT
/*C485*/DISCONNECT
/*C472*/DISCONNECT
/*C474*/DISCONNECT
/*C478*/DISCONNECT
/*C475*/DISCONNECT
/*C476*/DISCONNECT
/*C477*/DISCONNECT
/*C473*/DISCONNECT
/*C486*/SET SCHEMA PUBLIC
CONNECT USER SA
/*C487*/SET SCHEMA PUBLIC
CONNECT USER SA
/*C488*/SET SCHEMA PUBLIC
CONNECT USER SA
/*C489*/SET SCHEMA PUBLIC
CONNECT USER SA
/*C490*/SET SCHEMA PUBLIC
CONNECT USER SA
/*C491*/SET SCHEMA PUBLIC
CONNECT USER SA
/*C492*/SET SCHEMA PUBLIC
CONNECT USER SA
SET AUTOCOMMIT FALSE
DELETE FROM USERS WHERE ID='ADMIN'
INSERT INTO USERS VALUES('ADMIN','oui',FALSE)
SET AUTOCOMMIT TRUE
DISCONNECT
/*C493*/SET SCHEMA PUBLIC
CONNECT USER SA
/*C494*/SET SCHEMA PUBLIC
CONNECT USER SA
/*C488*/DISCONNECT
/*C489*/DISCONNECT
/*C490*/DISCONNECT
/*C491*/DISCONNECT
/*C493*/DISCONNECT
/*C486*/DISCONNECT
/*C494*/DISCONNECT
/*C487*/DISCONNECT
/*C495*/SET SCHEMA PUBLIC
CONNECT USER SA
/*C496*/SET SCHEMA PUBLIC
CONNECT USER SA
/*C497*/SET SCHEMA PUBLIC
CONNECT USER SA
/*C498*/SET SCHEMA PUBLIC
CONNECT USER SA
/*C495*/DISCONNECT
/*C497*/DISCONNECT
/*C498*/DISCONNECT
/*C496*/DISCONNECT
/*C499*/SET SCHEMA PUBLIC
CONNECT USER SA
/*C500*/SET SCHEMA PUBLIC
CONNECT USER SA
/*C501*/SET SCHEMA PUBLIC
CONNECT USER SA
/*C502*/SET SCHEMA PUBLIC
CONNECT USER SA
/*C499*/DISCONNECT
/*C500*/DISCONNECT
/*C501*/DISCONNECT
/*C502*/DISCONNECT
/*C503*/SET SCHEMA PUBLIC
CONNECT USER SA
SET AUTOCOMMIT FALSE
DELETE FROM USERS WHERE ID='ADMIN'
INSERT INTO USERS VALUES('ADMIN','oui',FALSE)
SET AUTOCOMMIT TRUE
DISCONNECT
/*C504*/SET SCHEMA PUBLIC
CONNECT USER SA
/*C505*/SET SCHEMA PUBLIC
CONNECT USER SA
SET AUTOCOMMIT FALSE
DELETE FROM USERS WHERE ID='ADMIN'
INSERT INTO USERS VALUES('ADMIN','oui',FALSE)
SET AUTOCOMMIT TRUE
DISCONNECT
/*C506*/SET SCHEMA PUBLIC
CONNECT USER SA
DISCONNECT
/*C504*/DISCONNECT
/*C507*/SET SCHEMA PUBLIC
CONNECT USER SA
/*C508*/SET SCHEMA PUBLIC
CONNECT USER SA
/*C509*/SET SCHEMA PUBLIC
CONNECT USER SA
/*C510*/SET SCHEMA PUBLIC
CONNECT USER SA
/*C511*/SET SCHEMA PUBLIC
CONNECT USER SA
SET AUTOCOMMIT FALSE
DELETE FROM USERS WHERE ID='ADMIN'
INSERT INTO USERS VALUES('ADMIN','oui',TRUE)
SET AUTOCOMMIT TRUE
DISCONNECT
/*C512*/SET SCHEMA PUBLIC
CONNECT USER SA
/*C509*/DISCONNECT
/*C507*/DISCONNECT
/*C510*/DISCONNECT
/*C508*/DISCONNECT
/*C512*/DISCONNECT
/*C513*/SET SCHEMA PUBLIC
CONNECT USER SA
/*C514*/SET SCHEMA PUBLIC
CONNECT USER SA
/*C515*/SET SCHEMA PUBLIC
CONNECT USER SA
/*C516*/SET SCHEMA PUBLIC
CONNECT USER SA
DISCONNECT
/*C513*/DISCONNECT
/*C514*/DISCONNECT
/*C515*/DISCONNECT
/*C517*/SET SCHEMA PUBLIC
CONNECT USER SA
/*C518*/SET SCHEMA PUBLIC
CONNECT USER SA
/*C519*/SET SCHEMA PUBLIC
CONNECT USER SA
/*C520*/SET SCHEMA PUBLIC
CONNECT USER SA
/*C521*/SET SCHEMA PUBLIC
CONNECT USER SA
/*C522*/SET SCHEMA PUBLIC
CONNECT USER SA
/*C523*/SET SCHEMA PUBLIC
CONNECT USER SA
/*C524*/SET SCHEMA PUBLIC
CONNECT USER SA
DELETE FROM USERS WHERE ID='ADMIN'
/*C525*/SET SCHEMA PUBLIC
CONNECT USER SA
/*C526*/SET SCHEMA PUBLIC
CONNECT USER SA
SET AUTOCOMMIT FALSE
DELETE FROM USERS WHERE ID='Charlie'
INSERT INTO USERS VALUES('Charlie','oui',TRUE)
SET AUTOCOMMIT TRUE
DISCONNECT
/*C527*/SET SCHEMA PUBLIC
CONNECT USER SA
/*C524*/DISCONNECT
/*C520*/DISCONNECT
/*C521*/DISCONNECT
/*C525*/DISCONNECT
/*C523*/DISCONNECT
/*C518*/DISCONNECT
/*C522*/DISCONNECT
/*C519*/DISCONNECT
/*C527*/DISCONNECT
/*C517*/DISCONNECT
/*C528*/SET SCHEMA PUBLIC
CONNECT USER SA
/*C529*/SET SCHEMA PUBLIC
CONNECT USER SA
/*C530*/SET SCHEMA PUBLIC
CONNECT USER SA
/*C531*/SET SCHEMA PUBLIC
CONNECT USER SA
/*C529*/DISCONNECT
/*C530*/DISCONNECT
/*C531*/DISCONNECT
/*C528*/DISCONNECT
/*C532*/SET SCHEMA PUBLIC
CONNECT USER SA
/*C533*/SET SCHEMA PUBLIC
CONNECT USER SA
/*C534*/SET SCHEMA PUBLIC
CONNECT USER SA
/*C535*/SET SCHEMA PUBLIC
CONNECT USER SA
/*C532*/DISCONNECT
/*C533*/DISCONNECT
/*C534*/DISCONNECT
/*C535*/DISCONNECT
/*C536*/SET SCHEMA PUBLIC
CONNECT USER SA
SET AUTOCOMMIT FALSE
DELETE FROM USERS WHERE ID='Charlie'
INSERT INTO USERS VALUES('Charlie','oui',FALSE)
SET AUTOCOMMIT TRUE
DISCONNECT
/*C537*/SET SCHEMA PUBLIC
CONNECT USER SA
/*C538*/SET SCHEMA PUBLIC
CONNECT USER SA
SET AUTOCOMMIT FALSE
DELETE FROM USERS WHERE ID='Charlie'
INSERT INTO USERS VALUES('Charlie','oui',TRUE)
SET AUTOCOMMIT TRUE
DISCONNECT
/*C539*/SET SCHEMA PUBLIC
CONNECT USER SA
/*C540*/SET SCHEMA PUBLIC
CONNECT USER SA
/*C541*/SET SCHEMA PUBLIC
CONNECT USER SA
SET AUTOCOMMIT FALSE
DELETE FROM USERS WHERE ID='Charlie'
INSERT INTO USERS VALUES('Charlie','oui',TRUE)
SET AUTOCOMMIT TRUE
DISCONNECT
/*C542*/SET SCHEMA PUBLIC
CONNECT USER SA
/*C543*/SET SCHEMA PUBLIC
CONNECT USER SA
SET AUTOCOMMIT FALSE
DELETE FROM USERS WHERE ID='Charlie'
INSERT INTO USERS VALUES('Charlie','tchoin',TRUE)
SET AUTOCOMMIT TRUE
DISCONNECT
/*C544*/SET SCHEMA PUBLIC
CONNECT USER SA
/*C545*/SET SCHEMA PUBLIC
CONNECT USER SA
/*C546*/SET SCHEMA PUBLIC
CONNECT USER SA
DELETE FROM USERS WHERE ID='Charlie'
/*C547*/SET SCHEMA PUBLIC
CONNECT USER SA
/*C548*/SET SCHEMA PUBLIC
CONNECT USER SA
/*C549*/SET SCHEMA PUBLIC
CONNECT USER SA
/*C550*/SET SCHEMA PUBLIC
CONNECT USER SA
/*C548*/DISCONNECT
/*C549*/DISCONNECT
/*C550*/DISCONNECT
/*C546*/DISCONNECT
/*C547*/DISCONNECT
/*C544*/DISCONNECT
/*C545*/DISCONNECT
/*C540*/DISCONNECT
/*C542*/DISCONNECT
/*C537*/DISCONNECT
/*C539*/DISCONNECT
/*C551*/SET SCHEMA PUBLIC
CONNECT USER SA
INSERT INTO MESSAGES VALUES(1,'Coucou','Test','1','2017-05-22 16:30:00.702000000','2017-05-22 16:30:00.702000000',0)
DISCONNECT
/*C552*/SET SCHEMA PUBLIC
CONNECT USER SA
/*C553*/SET SCHEMA PUBLIC
CONNECT USER SA
/*C554*/SET SCHEMA PUBLIC
CONNECT USER SA
/*C555*/SET SCHEMA PUBLIC
CONNECT USER SA
/*C556*/SET SCHEMA PUBLIC
CONNECT USER SA
/*C557*/SET SCHEMA PUBLIC
CONNECT USER SA
/*C558*/SET SCHEMA PUBLIC
CONNECT USER SA
/*C559*/SET SCHEMA PUBLIC
CONNECT USER SA
/*C560*/SET SCHEMA PUBLIC
CONNECT USER SA
SET AUTOCOMMIT FALSE
DELETE FROM MESSAGES WHERE ID=1
INSERT INTO MESSAGES VALUES(1,'Coucou','Test','1','2017-05-22 16:30:00.702000000','2017-05-22 16:30:00.702000000',1)
SET AUTOCOMMIT TRUE
DISCONNECT
/*C561*/SET SCHEMA PUBLIC
CONNECT USER SA
/*C562*/SET SCHEMA PUBLIC
CONNECT USER SA
/*C553*/DISCONNECT
/*C552*/DISCONNECT
/*C556*/DISCONNECT
/*C555*/DISCONNECT
/*C554*/DISCONNECT
/*C559*/DISCONNECT
/*C558*/DISCONNECT
/*C557*/DISCONNECT
/*C562*/DISCONNECT
/*C561*/DISCONNECT
/*C563*/SET SCHEMA PUBLIC
CONNECT USER SA
/*C564*/SET SCHEMA PUBLIC
CONNECT USER SA
/*C565*/SET SCHEMA PUBLIC
CONNECT USER SA
/*C566*/SET SCHEMA PUBLIC
CONNECT USER SA
/*C567*/SET SCHEMA PUBLIC
CONNECT USER SA
/*C568*/SET SCHEMA PUBLIC
CONNECT USER SA
/*C569*/SET SCHEMA PUBLIC
CONNECT USER SA
/*C567*/DISCONNECT
/*C568*/DISCONNECT
/*C569*/DISCONNECT
/*C564*/DISCONNECT
/*C566*/DISCONNECT
/*C565*/DISCONNECT
/*C563*/DISCONNECT
/*C570*/SET SCHEMA PUBLIC
CONNECT USER SA
INSERT INTO USERS VALUES('2','blop',FALSE)
/*C571*/SET SCHEMA PUBLIC
CONNECT USER SA
/*C572*/SET SCHEMA PUBLIC
CONNECT USER SA
/*C573*/SET SCHEMA PUBLIC
CONNECT USER SA
SET AUTOCOMMIT FALSE
DELETE FROM USERS WHERE ID='2'
INSERT INTO USERS VALUES('2','truc',TRUE)
SET AUTOCOMMIT TRUE
DISCONNECT
/*C574*/SET SCHEMA PUBLIC
CONNECT USER SA
/*C575*/SET SCHEMA PUBLIC
CONNECT USER SA
/*C576*/SET SCHEMA PUBLIC
CONNECT USER SA
DELETE FROM USERS WHERE ID='2'
/*C577*/SET SCHEMA PUBLIC
CONNECT USER SA
/*C578*/SET SCHEMA PUBLIC
CONNECT USER SA
/*C579*/SET SCHEMA PUBLIC
CONNECT USER SA
/*C580*/SET SCHEMA PUBLIC
CONNECT USER SA
/*C581*/SET SCHEMA PUBLIC
CONNECT USER SA
/*C582*/SET SCHEMA PUBLIC
CONNECT USER SA
/*C583*/SET SCHEMA PUBLIC
CONNECT USER SA
/*C584*/SET SCHEMA PUBLIC
CONNECT USER SA
/*C585*/SET SCHEMA PUBLIC
CONNECT USER SA
/*C586*/SET SCHEMA PUBLIC
CONNECT USER SA
/*C587*/SET SCHEMA PUBLIC
CONNECT USER SA
/*C588*/SET SCHEMA PUBLIC
CONNECT USER SA
SET AUTOCOMMIT FALSE
DELETE FROM MESSAGES WHERE ID=1
INSERT INTO MESSAGES VALUES(1,'Coucou','Test','1','2017-05-22 16:30:00.702000000','2017-05-22 16:30:00.702000000',2)
SET AUTOCOMMIT TRUE
DISCONNECT
/*C589*/SET SCHEMA PUBLIC
CONNECT USER SA
/*C590*/SET SCHEMA PUBLIC
CONNECT USER SA
/*C591*/SET SCHEMA PUBLIC
CONNECT USER SA
/*C592*/SET SCHEMA PUBLIC
CONNECT USER SA
INSERT INTO USERS VALUES('Patrick','oui',FALSE)
/*C593*/SET SCHEMA PUBLIC
CONNECT USER SA
/*C579*/DISCONNECT
/*C587*/DISCONNECT
/*C589*/DISCONNECT
/*C590*/DISCONNECT
/*C570*/DISCONNECT
/*C571*/DISCONNECT
/*C572*/DISCONNECT
/*C583*/DISCONNECT
/*C584*/DISCONNECT
/*C585*/DISCONNECT
/*C586*/DISCONNECT
/*C593*/DISCONNECT
/*C592*/DISCONNECT
/*C591*/DISCONNECT
/*C578*/DISCONNECT
/*C580*/DISCONNECT
/*C581*/DISCONNECT
/*C582*/DISCONNECT
/*C576*/DISCONNECT
/*C577*/DISCONNECT
/*C574*/DISCONNECT
/*C575*/DISCONNECT
/*C594*/SET SCHEMA PUBLIC
CONNECT USER SA
/*C595*/SET SCHEMA PUBLIC
CONNECT USER SA
/*C596*/SET SCHEMA PUBLIC
CONNECT USER SA
/*C597*/SET SCHEMA PUBLIC
CONNECT USER SA
INSERT INTO MESSAGES VALUES(2,'Bulle','Tresor','Patrick','2017-05-22 16:36:34.253000000','2017-05-22 16:36:34.253000000',0)
DISCONNECT
/*C598*/SET SCHEMA PUBLIC
CONNECT USER SA
/*C599*/SET SCHEMA PUBLIC
CONNECT USER SA
/*C600*/SET SCHEMA PUBLIC
CONNECT USER SA
/*C601*/SET SCHEMA PUBLIC
CONNECT USER SA
/*C602*/SET SCHEMA PUBLIC
CONNECT USER SA
/*C603*/SET SCHEMA PUBLIC
CONNECT USER SA
/*C604*/SET SCHEMA PUBLIC
CONNECT USER SA
/*C605*/SET SCHEMA PUBLIC
CONNECT USER SA
/*C606*/SET SCHEMA PUBLIC
CONNECT USER SA
/*C607*/SET SCHEMA PUBLIC
CONNECT USER SA
/*C598*/DISCONNECT
/*C594*/DISCONNECT
/*C595*/DISCONNECT
/*C605*/DISCONNECT
/*C606*/DISCONNECT
/*C607*/DISCONNECT
/*C602*/DISCONNECT
/*C603*/DISCONNECT
/*C604*/DISCONNECT
/*C600*/DISCONNECT
/*C601*/DISCONNECT
/*C599*/DISCONNECT
/*C596*/DISCONNECT
/*C608*/SET SCHEMA PUBLIC
CONNECT USER SA
INSERT INTO MESSAGES VALUES(3,'Public','Coucou','1','2017-05-22 16:37:54.883000000','2017-05-22 16:37:54.883000000',0)
DISCONNECT
/*C609*/SET SCHEMA PUBLIC
CONNECT USER SA
/*C610*/SET SCHEMA PUBLIC
CONNECT USER SA
/*C611*/SET SCHEMA PUBLIC
CONNECT USER SA
/*C612*/SET SCHEMA PUBLIC
CONNECT USER SA
/*C613*/SET SCHEMA PUBLIC
CONNECT USER SA
/*C614*/SET SCHEMA PUBLIC
CONNECT USER SA
/*C615*/SET SCHEMA PUBLIC
CONNECT USER SA
/*C616*/SET SCHEMA PUBLIC
CONNECT USER SA
/*C617*/SET SCHEMA PUBLIC
CONNECT USER SA
/*C618*/SET SCHEMA PUBLIC
CONNECT USER SA
/*C619*/SET SCHEMA PUBLIC
CONNECT USER SA
/*C620*/SET SCHEMA PUBLIC
CONNECT USER SA
/*C621*/SET SCHEMA PUBLIC
CONNECT USER SA
/*C617*/DISCONNECT
/*C621*/DISCONNECT
/*C620*/DISCONNECT
/*C619*/DISCONNECT
/*C618*/DISCONNECT
/*C615*/DISCONNECT
/*C616*/DISCONNECT
/*C613*/DISCONNECT
/*C614*/DISCONNECT
/*C610*/DISCONNECT
/*C611*/DISCONNECT
/*C612*/DISCONNECT
/*C609*/DISCONNECT
/*C622*/SET SCHEMA PUBLIC
CONNECT USER SA
/*C623*/SET SCHEMA PUBLIC
CONNECT USER SA
/*C624*/SET SCHEMA PUBLIC
CONNECT USER SA
/*C625*/SET SCHEMA PUBLIC
CONNECT USER SA
/*C626*/SET SCHEMA PUBLIC
CONNECT USER SA
/*C627*/SET SCHEMA PUBLIC
CONNECT USER SA
/*C628*/SET SCHEMA PUBLIC
CONNECT USER SA
/*C629*/SET SCHEMA PUBLIC
CONNECT USER SA
/*C630*/SET SCHEMA PUBLIC
CONNECT USER SA
/*C623*/DISCONNECT
/*C630*/DISCONNECT
/*C629*/DISCONNECT
/*C628*/DISCONNECT
/*C627*/DISCONNECT
/*C626*/DISCONNECT
/*C625*/DISCONNECT
/*C624*/DISCONNECT
/*C622*/DISCONNECT
/*C631*/SET SCHEMA PUBLIC
CONNECT USER SA
/*C632*/SET SCHEMA PUBLIC
CONNECT USER SA
/*C633*/SET SCHEMA PUBLIC
CONNECT USER SA
/*C634*/SET SCHEMA PUBLIC
CONNECT USER SA
/*C635*/SET SCHEMA PUBLIC
CONNECT USER SA
/*C636*/SET SCHEMA PUBLIC
CONNECT USER SA
/*C637*/SET SCHEMA PUBLIC
CONNECT USER SA
/*C638*/SET SCHEMA PUBLIC
CONNECT USER SA
/*C639*/SET SCHEMA PUBLIC
CONNECT USER SA
/*C640*/SET SCHEMA PUBLIC
CONNECT USER SA
/*C641*/SET SCHEMA PUBLIC
CONNECT USER SA
/*C642*/SET SCHEMA PUBLIC
CONNECT USER SA
/*C643*/SET SCHEMA PUBLIC
CONNECT USER SA
/*C644*/SET SCHEMA PUBLIC
CONNECT USER SA
/*C645*/SET SCHEMA PUBLIC
CONNECT USER SA
/*C646*/SET SCHEMA PUBLIC
CONNECT USER SA
/*C647*/SET SCHEMA PUBLIC
CONNECT USER SA
/*C648*/SET SCHEMA PUBLIC
CONNECT USER SA
DISCONNECT
/*C647*/DISCONNECT
/*C646*/DISCONNECT
/*C645*/DISCONNECT
/*C644*/DISCONNECT
/*C643*/DISCONNECT
/*C642*/DISCONNECT
/*C641*/DISCONNECT
/*C640*/DISCONNECT
/*C631*/DISCONNECT
/*C632*/DISCONNECT
/*C633*/DISCONNECT
/*C634*/DISCONNECT
/*C635*/DISCONNECT
/*C636*/DISCONNECT
/*C637*/DISCONNECT
/*C638*/DISCONNECT
/*C639*/DISCONNECT
/*C649*/SET SCHEMA PUBLIC
CONNECT USER SA
/*C650*/SET SCHEMA PUBLIC
CONNECT USER SA
/*C651*/SET SCHEMA PUBLIC
CONNECT USER SA
/*C652*/SET SCHEMA PUBLIC
CONNECT USER SA
/*C653*/SET SCHEMA PUBLIC
CONNECT USER SA
/*C654*/SET SCHEMA PUBLIC
CONNECT USER SA
/*C653*/DISCONNECT
/*C654*/DISCONNECT
/*C652*/DISCONNECT
/*C649*/DISCONNECT
/*C650*/DISCONNECT
/*C651*/DISCONNECT
/*C655*/SET SCHEMA PUBLIC
CONNECT USER SA
/*C656*/SET SCHEMA PUBLIC
CONNECT USER SA
/*C657*/SET SCHEMA PUBLIC
CONNECT USER SA
/*C658*/SET SCHEMA PUBLIC
CONNECT USER SA
/*C659*/SET SCHEMA PUBLIC
CONNECT USER SA
/*C660*/SET SCHEMA PUBLIC
CONNECT USER SA
/*C661*/SET SCHEMA PUBLIC
CONNECT USER SA
/*C662*/SET SCHEMA PUBLIC
CONNECT USER SA
/*C663*/SET SCHEMA PUBLIC
CONNECT USER SA
/*C664*/SET SCHEMA PUBLIC
CONNECT USER SA
/*C665*/SET SCHEMA PUBLIC
CONNECT USER SA
/*C666*/SET SCHEMA PUBLIC
CONNECT USER SA
/*C667*/SET SCHEMA PUBLIC
CONNECT USER SA
/*C668*/SET SCHEMA PUBLIC
CONNECT USER SA
/*C669*/SET SCHEMA PUBLIC
CONNECT USER SA
/*C670*/SET SCHEMA PUBLIC
CONNECT USER SA
/*C671*/SET SCHEMA PUBLIC
CONNECT USER SA
/*C672*/SET SCHEMA PUBLIC
CONNECT USER SA
/*C673*/SET SCHEMA PUBLIC
CONNECT USER SA
/*C674*/SET SCHEMA PUBLIC
CONNECT USER SA
/*C675*/SET SCHEMA PUBLIC
CONNECT USER SA
/*C676*/SET SCHEMA PUBLIC
CONNECT USER SA
/*C677*/SET SCHEMA PUBLIC
CONNECT USER SA
/*C678*/SET SCHEMA PUBLIC
CONNECT USER SA
DISCONNECT
/*C677*/DISCONNECT
/*C676*/DISCONNECT
/*C675*/DISCONNECT
/*C674*/DISCONNECT
/*C673*/DISCONNECT
/*C672*/DISCONNECT
/*C671*/DISCONNECT
/*C670*/DISCONNECT
/*C669*/DISCONNECT
/*C668*/DISCONNECT
/*C667*/DISCONNECT
/*C666*/DISCONNECT
/*C665*/DISCONNECT
/*C664*/DISCONNECT
/*C663*/DISCONNECT
/*C662*/DISCONNECT
/*C661*/DISCONNECT
/*C660*/DISCONNECT
/*C659*/DISCONNECT
/*C658*/DISCONNECT
/*C656*/DISCONNECT
/*C657*/DISCONNECT
/*C655*/DISCONNECT
/*C679*/SET SCHEMA PUBLIC
CONNECT USER SA
/*C680*/SET SCHEMA PUBLIC
CONNECT USER SA
/*C681*/SET SCHEMA PUBLIC
CONNECT USER SA
/*C682*/SET SCHEMA PUBLIC
CONNECT USER SA
/*C683*/SET SCHEMA PUBLIC
CONNECT USER SA
/*C684*/SET SCHEMA PUBLIC
CONNECT USER SA
/*C685*/SET SCHEMA PUBLIC
CONNECT USER SA
/*C686*/SET SCHEMA PUBLIC
CONNECT USER SA
/*C687*/SET SCHEMA PUBLIC
CONNECT USER SA
/*C688*/SET SCHEMA PUBLIC
CONNECT USER SA
/*C689*/SET SCHEMA PUBLIC
CONNECT USER SA
/*C690*/SET SCHEMA PUBLIC
CONNECT USER SA
/*C691*/SET SCHEMA PUBLIC
CONNECT USER SA
/*C692*/SET SCHEMA PUBLIC
CONNECT USER SA
/*C693*/SET SCHEMA PUBLIC
CONNECT USER SA
/*C683*/DISCONNECT
/*C687*/DISCONNECT
/*C682*/DISCONNECT
/*C689*/DISCONNECT
/*C691*/DISCONNECT
/*C680*/DISCONNECT
/*C684*/DISCONNECT
/*C679*/DISCONNECT
/*C690*/DISCONNECT
/*C681*/DISCONNECT
/*C688*/DISCONNECT
/*C685*/DISCONNECT
/*C692*/DISCONNECT
/*C693*/DISCONNECT
/*C686*/DISCONNECT
/*C694*/SET SCHEMA PUBLIC
CONNECT USER SA
/*C695*/SET SCHEMA PUBLIC
CONNECT USER SA
/*C696*/SET SCHEMA PUBLIC
CONNECT USER SA
/*C697*/SET SCHEMA PUBLIC
CONNECT USER SA
/*C698*/SET SCHEMA PUBLIC
CONNECT USER SA
/*C695*/DISCONNECT
/*C698*/DISCONNECT
/*C697*/DISCONNECT
/*C696*/DISCONNECT
/*C694*/DISCONNECT
/*C699*/SET SCHEMA PUBLIC
CONNECT USER SA
/*C700*/SET SCHEMA PUBLIC
CONNECT USER SA
/*C701*/SET SCHEMA PUBLIC
CONNECT USER SA
/*C702*/SET SCHEMA PUBLIC
CONNECT USER SA
/*C703*/SET SCHEMA PUBLIC
CONNECT USER SA
DISCONNECT
/*C702*/DISCONNECT
/*C701*/DISCONNECT
/*C700*/DISCONNECT
/*C699*/DISCONNECT
/*C704*/SET SCHEMA PUBLIC
CONNECT USER SA
/*C705*/SET SCHEMA PUBLIC
CONNECT USER SA
/*C706*/SET SCHEMA PUBLIC
CONNECT USER SA
/*C707*/SET SCHEMA PUBLIC
CONNECT USER SA
/*C708*/SET SCHEMA PUBLIC
CONNECT USER SA
/*C709*/SET SCHEMA PUBLIC
CONNECT USER SA
/*C704*/DISCONNECT
/*C707*/DISCONNECT
/*C708*/DISCONNECT
/*C709*/DISCONNECT
/*C705*/DISCONNECT
/*C706*/DISCONNECT
/*C710*/SET SCHEMA PUBLIC
CONNECT USER SA
/*C711*/SET SCHEMA PUBLIC
CONNECT USER SA
/*C712*/SET SCHEMA PUBLIC
CONNECT USER SA
/*C713*/SET SCHEMA PUBLIC
CONNECT USER SA
/*C714*/SET SCHEMA PUBLIC
CONNECT USER SA
/*C715*/SET SCHEMA PUBLIC
CONNECT USER SA
/*C716*/SET SCHEMA PUBLIC
CONNECT USER SA
/*C717*/SET SCHEMA PUBLIC
CONNECT USER SA
/*C718*/SET SCHEMA PUBLIC
CONNECT USER SA
/*C719*/SET SCHEMA PUBLIC
CONNECT USER SA
/*C720*/SET SCHEMA PUBLIC
CONNECT USER SA
/*C721*/SET SCHEMA PUBLIC
CONNECT USER SA
/*C722*/SET SCHEMA PUBLIC
CONNECT USER SA
/*C723*/SET SCHEMA PUBLIC
CONNECT USER SA
/*C724*/SET SCHEMA PUBLIC
CONNECT USER SA
/*C725*/SET SCHEMA PUBLIC
CONNECT USER SA
/*C726*/SET SCHEMA PUBLIC
CONNECT USER SA
/*C727*/SET SCHEMA PUBLIC
CONNECT USER SA
/*C728*/SET SCHEMA PUBLIC
CONNECT USER SA
/*C729*/SET SCHEMA PUBLIC
CONNECT USER SA
/*C730*/SET SCHEMA PUBLIC
CONNECT USER SA
/*C731*/SET SCHEMA PUBLIC
CONNECT USER SA
/*C732*/SET SCHEMA PUBLIC
CONNECT USER SA
/*C733*/SET SCHEMA PUBLIC
CONNECT USER SA
/*C734*/SET SCHEMA PUBLIC
CONNECT USER SA
/*C735*/SET SCHEMA PUBLIC
CONNECT USER SA
/*C736*/SET SCHEMA PUBLIC
CONNECT USER SA
/*C737*/SET SCHEMA PUBLIC
CONNECT USER SA
/*C738*/SET SCHEMA PUBLIC
CONNECT USER SA
/*C739*/SET SCHEMA PUBLIC
CONNECT USER SA
/*C740*/SET SCHEMA PUBLIC
CONNECT USER SA
/*C741*/SET SCHEMA PUBLIC
CONNECT USER SA
/*C742*/SET SCHEMA PUBLIC
CONNECT USER SA
/*C743*/SET SCHEMA PUBLIC
CONNECT USER SA
/*C744*/SET SCHEMA PUBLIC
CONNECT USER SA
/*C745*/SET SCHEMA PUBLIC
CONNECT USER SA
/*C746*/SET SCHEMA PUBLIC
CONNECT USER SA
/*C747*/SET SCHEMA PUBLIC
CONNECT USER SA
/*C748*/SET SCHEMA PUBLIC
CONNECT USER SA
/*C749*/SET SCHEMA PUBLIC
CONNECT USER SA
/*C750*/SET SCHEMA PUBLIC
CONNECT USER SA
/*C751*/SET SCHEMA PUBLIC
CONNECT USER SA
/*C752*/SET SCHEMA PUBLIC
CONNECT USER SA
/*C753*/SET SCHEMA PUBLIC
CONNECT USER SA
/*C754*/SET SCHEMA PUBLIC
CONNECT USER SA
/*C755*/SET SCHEMA PUBLIC
CONNECT USER SA
/*C756*/SET SCHEMA PUBLIC
CONNECT USER SA
/*C757*/SET SCHEMA PUBLIC
CONNECT USER SA
/*C758*/SET SCHEMA PUBLIC
CONNECT USER SA
DISCONNECT
/*C735*/DISCONNECT
/*C734*/DISCONNECT
/*C733*/DISCONNECT
/*C732*/DISCONNECT
/*C731*/DISCONNECT
/*C730*/DISCONNECT
/*C729*/DISCONNECT
/*C728*/DISCONNECT
/*C727*/DISCONNECT
/*C726*/DISCONNECT
/*C725*/DISCONNECT
/*C724*/DISCONNECT
/*C723*/DISCONNECT
/*C741*/DISCONNECT
/*C740*/DISCONNECT
/*C739*/DISCONNECT
/*C738*/DISCONNECT
/*C737*/DISCONNECT
/*C736*/DISCONNECT
/*C757*/DISCONNECT
/*C756*/DISCONNECT
/*C755*/DISCONNECT
/*C754*/DISCONNECT
/*C753*/DISCONNECT
/*C752*/DISCONNECT
/*C751*/DISCONNECT
/*C750*/DISCONNECT
/*C749*/DISCONNECT
/*C748*/DISCONNECT
/*C747*/DISCONNECT
/*C746*/DISCONNECT
/*C745*/DISCONNECT
/*C744*/DISCONNECT
/*C743*/DISCONNECT
/*C742*/DISCONNECT
/*C720*/DISCONNECT
/*C721*/DISCONNECT
/*C722*/DISCONNECT
/*C710*/DISCONNECT
/*C711*/DISCONNECT
/*C712*/DISCONNECT
/*C713*/DISCONNECT
/*C714*/DISCONNECT
/*C715*/DISCONNECT
/*C716*/DISCONNECT
/*C717*/DISCONNECT
/*C718*/DISCONNECT
/*C719*/DISCONNECT
/*C759*/SET SCHEMA PUBLIC
CONNECT USER SA
/*C760*/SET SCHEMA PUBLIC
CONNECT USER SA
/*C761*/SET SCHEMA PUBLIC
CONNECT USER SA
/*C762*/SET SCHEMA PUBLIC
CONNECT USER SA
/*C763*/SET SCHEMA PUBLIC
CONNECT USER SA
/*C764*/SET SCHEMA PUBLIC
CONNECT USER SA
/*C765*/SET SCHEMA PUBLIC
CONNECT USER SA
/*C766*/SET SCHEMA PUBLIC
CONNECT USER SA
/*C767*/SET SCHEMA PUBLIC
CONNECT USER SA
/*C768*/SET SCHEMA PUBLIC
CONNECT USER SA
/*C769*/SET SCHEMA PUBLIC
CONNECT USER SA
/*C770*/SET SCHEMA PUBLIC
CONNECT USER SA
/*C763*/DISCONNECT
/*C768*/DISCONNECT
/*C769*/DISCONNECT
/*C770*/DISCONNECT
/*C765*/DISCONNECT
/*C766*/DISCONNECT
/*C767*/DISCONNECT
/*C759*/DISCONNECT
/*C760*/DISCONNECT
/*C761*/DISCONNECT
/*C762*/DISCONNECT
/*C764*/DISCONNECT
/*C771*/SET SCHEMA PUBLIC
CONNECT USER SA
/*C772*/SET SCHEMA PUBLIC
CONNECT USER SA
/*C773*/SET SCHEMA PUBLIC
CONNECT USER SA
/*C774*/SET SCHEMA PUBLIC
CONNECT USER SA
/*C775*/SET SCHEMA PUBLIC
CONNECT USER SA
/*C776*/SET SCHEMA PUBLIC
CONNECT USER SA
/*C777*/SET SCHEMA PUBLIC
CONNECT USER SA
/*C778*/SET SCHEMA PUBLIC
CONNECT USER SA
/*C779*/SET SCHEMA PUBLIC
CONNECT USER SA
/*C780*/SET SCHEMA PUBLIC
CONNECT USER SA
/*C781*/SET SCHEMA PUBLIC
CONNECT USER SA
/*C782*/SET SCHEMA PUBLIC
CONNECT USER SA
/*C783*/SET SCHEMA PUBLIC
CONNECT USER SA
/*C784*/SET SCHEMA PUBLIC
CONNECT USER SA
/*C785*/SET SCHEMA PUBLIC
CONNECT USER SA
/*C786*/SET SCHEMA PUBLIC
CONNECT USER SA
/*C787*/SET SCHEMA PUBLIC
CONNECT USER SA
/*C788*/SET SCHEMA PUBLIC
CONNECT USER SA
/*C786*/DISCONNECT
/*C787*/DISCONNECT
/*C788*/DISCONNECT
/*C777*/DISCONNECT
/*C778*/DISCONNECT
/*C779*/DISCONNECT
/*C780*/DISCONNECT
/*C781*/DISCONNECT
/*C782*/DISCONNECT
/*C783*/DISCONNECT
/*C784*/DISCONNECT
/*C785*/DISCONNECT
/*C774*/DISCONNECT
/*C775*/DISCONNECT
/*C776*/DISCONNECT
/*C771*/DISCONNECT
/*C772*/DISCONNECT
/*C773*/DISCONNECT
/*C789*/SET SCHEMA PUBLIC
CONNECT USER SA
/*C790*/SET SCHEMA PUBLIC
CONNECT USER SA
/*C791*/SET SCHEMA PUBLIC
CONNECT USER SA
/*C792*/SET SCHEMA PUBLIC
CONNECT USER SA
/*C793*/SET SCHEMA PUBLIC
CONNECT USER SA
/*C794*/SET SCHEMA PUBLIC
CONNECT USER SA
/*C795*/SET SCHEMA PUBLIC
CONNECT USER SA
/*C796*/SET SCHEMA PUBLIC
CONNECT USER SA
/*C797*/SET SCHEMA PUBLIC
CONNECT USER SA
/*C798*/SET SCHEMA PUBLIC
CONNECT USER SA
/*C799*/SET SCHEMA PUBLIC
CONNECT USER SA
/*C800*/SET SCHEMA PUBLIC
CONNECT USER SA
/*C801*/SET SCHEMA PUBLIC
CONNECT USER SA
/*C802*/SET SCHEMA PUBLIC
CONNECT USER SA
/*C803*/SET SCHEMA PUBLIC
CONNECT USER SA
/*C804*/SET SCHEMA PUBLIC
CONNECT USER SA
/*C805*/SET SCHEMA PUBLIC
CONNECT USER SA
/*C806*/SET SCHEMA PUBLIC
CONNECT USER SA
/*C807*/SET SCHEMA PUBLIC
CONNECT USER SA
/*C808*/SET SCHEMA PUBLIC
CONNECT USER SA
/*C809*/SET SCHEMA PUBLIC
CONNECT USER SA
/*C810*/SET SCHEMA PUBLIC
CONNECT USER SA
/*C811*/SET SCHEMA PUBLIC
CONNECT USER SA
/*C812*/SET SCHEMA PUBLIC
CONNECT USER SA
/*C813*/SET SCHEMA PUBLIC
CONNECT USER SA
/*C814*/SET SCHEMA PUBLIC
CONNECT USER SA
/*C815*/SET SCHEMA PUBLIC
CONNECT USER SA
/*C816*/SET SCHEMA PUBLIC
CONNECT USER SA
/*C817*/SET SCHEMA PUBLIC
CONNECT USER SA
/*C818*/SET SCHEMA PUBLIC
CONNECT USER SA
/*C819*/SET SCHEMA PUBLIC
CONNECT USER SA
/*C789*/DISCONNECT
/*C811*/DISCONNECT
/*C812*/DISCONNECT
/*C813*/DISCONNECT
/*C814*/DISCONNECT
/*C815*/DISCONNECT
/*C816*/DISCONNECT
/*C817*/DISCONNECT
/*C818*/DISCONNECT
/*C819*/DISCONNECT
/*C804*/DISCONNECT
/*C805*/DISCONNECT
/*C806*/DISCONNECT
/*C807*/DISCONNECT
/*C808*/DISCONNECT
/*C809*/DISCONNECT
/*C810*/DISCONNECT
/*C801*/DISCONNECT
/*C802*/DISCONNECT
/*C803*/DISCONNECT
/*C790*/DISCONNECT
/*C791*/DISCONNECT
/*C792*/DISCONNECT
/*C793*/DISCONNECT
/*C794*/DISCONNECT
/*C795*/DISCONNECT
/*C796*/DISCONNECT
/*C797*/DISCONNECT
/*C798*/DISCONNECT
/*C799*/DISCONNECT
/*C800*/DISCONNECT
/*C820*/SET SCHEMA PUBLIC
CONNECT USER SA
/*C821*/SET SCHEMA PUBLIC
CONNECT USER SA
/*C822*/SET SCHEMA PUBLIC
CONNECT USER SA
/*C823*/SET SCHEMA PUBLIC
CONNECT USER SA
/*C824*/SET SCHEMA PUBLIC
CONNECT USER SA
/*C825*/SET SCHEMA PUBLIC
CONNECT USER SA
/*C826*/SET SCHEMA PUBLIC
CONNECT USER SA
/*C827*/SET SCHEMA PUBLIC
CONNECT USER SA
/*C828*/SET SCHEMA PUBLIC
CONNECT USER SA
/*C829*/SET SCHEMA PUBLIC
CONNECT USER SA
/*C830*/SET SCHEMA PUBLIC
CONNECT USER SA
/*C831*/SET SCHEMA PUBLIC
CONNECT USER SA
/*C832*/SET SCHEMA PUBLIC
CONNECT USER SA
/*C833*/SET SCHEMA PUBLIC
CONNECT USER SA
/*C834*/SET SCHEMA PUBLIC
CONNECT USER SA
/*C835*/SET SCHEMA PUBLIC
CONNECT USER SA
/*C836*/SET SCHEMA PUBLIC
CONNECT USER SA
/*C837*/SET SCHEMA PUBLIC
CONNECT USER SA
/*C838*/SET SCHEMA PUBLIC
CONNECT USER SA
/*C839*/SET SCHEMA PUBLIC
CONNECT USER SA
/*C840*/SET SCHEMA PUBLIC
CONNECT USER SA
/*C841*/SET SCHEMA PUBLIC
CONNECT USER SA
/*C842*/SET SCHEMA PUBLIC
CONNECT USER SA
/*C843*/SET SCHEMA PUBLIC
CONNECT USER SA
/*C844*/SET SCHEMA PUBLIC
CONNECT USER SA
/*C845*/SET SCHEMA PUBLIC
CONNECT USER SA
/*C846*/SET SCHEMA PUBLIC
CONNECT USER SA
/*C847*/SET SCHEMA PUBLIC
CONNECT USER SA
/*C848*/SET SCHEMA PUBLIC
CONNECT USER SA
/*C849*/SET SCHEMA PUBLIC
CONNECT USER SA
/*C850*/SET SCHEMA PUBLIC
CONNECT USER SA
/*C851*/SET SCHEMA PUBLIC
CONNECT USER SA
/*C852*/SET SCHEMA PUBLIC
CONNECT USER SA
/*C853*/SET SCHEMA PUBLIC
CONNECT USER SA
/*C854*/SET SCHEMA PUBLIC
CONNECT USER SA
/*C855*/SET SCHEMA PUBLIC
CONNECT USER SA
/*C856*/SET SCHEMA PUBLIC
CONNECT USER SA
/*C857*/SET SCHEMA PUBLIC
CONNECT USER SA
/*C858*/SET SCHEMA PUBLIC
CONNECT USER SA
/*C859*/SET SCHEMA PUBLIC
CONNECT USER SA
/*C860*/SET SCHEMA PUBLIC
CONNECT USER SA
/*C861*/SET SCHEMA PUBLIC
CONNECT USER SA
/*C862*/SET SCHEMA PUBLIC
CONNECT USER SA
/*C863*/SET SCHEMA PUBLIC
CONNECT USER SA
/*C864*/SET SCHEMA PUBLIC
CONNECT USER SA
/*C865*/SET SCHEMA PUBLIC
CONNECT USER SA
/*C820*/DISCONNECT
/*C821*/DISCONNECT
/*C822*/DISCONNECT
/*C823*/DISCONNECT
/*C837*/DISCONNECT
/*C836*/DISCONNECT
/*C835*/DISCONNECT
/*C834*/DISCONNECT
/*C833*/DISCONNECT
/*C832*/DISCONNECT
/*C831*/DISCONNECT
/*C830*/DISCONNECT
/*C829*/DISCONNECT
/*C828*/DISCONNECT
/*C827*/DISCONNECT
/*C826*/DISCONNECT
/*C825*/DISCONNECT
/*C824*/DISCONNECT
/*C849*/DISCONNECT
/*C848*/DISCONNECT
/*C847*/DISCONNECT
/*C846*/DISCONNECT
/*C845*/DISCONNECT
/*C844*/DISCONNECT
/*C843*/DISCONNECT
/*C842*/DISCONNECT
/*C841*/DISCONNECT
/*C840*/DISCONNECT
/*C839*/DISCONNECT
/*C838*/DISCONNECT
/*C853*/DISCONNECT
/*C852*/DISCONNECT
/*C851*/DISCONNECT
/*C850*/DISCONNECT
/*C865*/DISCONNECT
/*C864*/DISCONNECT
/*C863*/DISCONNECT
/*C862*/DISCONNECT
/*C861*/DISCONNECT
/*C860*/DISCONNECT
/*C859*/DISCONNECT
/*C858*/DISCONNECT
/*C857*/DISCONNECT
/*C856*/DISCONNECT
/*C855*/DISCONNECT
/*C854*/DISCONNECT
/*C866*/SET SCHEMA PUBLIC
CONNECT USER SA
/*C867*/SET SCHEMA PUBLIC
CONNECT USER SA
/*C868*/SET SCHEMA PUBLIC
CONNECT USER SA
/*C869*/SET SCHEMA PUBLIC
CONNECT USER SA
/*C870*/SET SCHEMA PUBLIC
CONNECT USER SA
/*C871*/SET SCHEMA PUBLIC
CONNECT USER SA
/*C872*/SET SCHEMA PUBLIC
CONNECT USER SA
/*C873*/SET SCHEMA PUBLIC
CONNECT USER SA
/*C874*/SET SCHEMA PUBLIC
CONNECT USER SA
/*C875*/SET SCHEMA PUBLIC
CONNECT USER SA
/*C876*/SET SCHEMA PUBLIC
CONNECT USER SA
/*C877*/SET SCHEMA PUBLIC
CONNECT USER SA
/*C878*/SET SCHEMA PUBLIC
CONNECT USER SA
/*C879*/SET SCHEMA PUBLIC
CONNECT USER SA
/*C880*/SET SCHEMA PUBLIC
CONNECT USER SA
/*C881*/SET SCHEMA PUBLIC
CONNECT USER SA
/*C882*/SET SCHEMA PUBLIC
CONNECT USER SA
/*C883*/SET SCHEMA PUBLIC
CONNECT USER SA
/*C884*/SET SCHEMA PUBLIC
CONNECT USER SA
/*C885*/SET SCHEMA PUBLIC
CONNECT USER SA
/*C886*/SET SCHEMA PUBLIC
CONNECT USER SA
/*C887*/SET SCHEMA PUBLIC
CONNECT USER SA
/*C888*/SET SCHEMA PUBLIC
CONNECT USER SA
/*C889*/SET SCHEMA PUBLIC
CONNECT USER SA
/*C890*/SET SCHEMA PUBLIC
CONNECT USER SA
/*C891*/SET SCHEMA PUBLIC
CONNECT USER SA
/*C892*/SET SCHEMA PUBLIC
CONNECT USER SA
/*C893*/SET SCHEMA PUBLIC
CONNECT USER SA
/*C894*/SET SCHEMA PUBLIC
CONNECT USER SA
/*C895*/SET SCHEMA PUBLIC
CONNECT USER SA
/*C896*/SET SCHEMA PUBLIC
CONNECT USER SA
/*C890*/DISCONNECT
/*C891*/DISCONNECT
/*C892*/DISCONNECT
/*C893*/DISCONNECT
/*C894*/DISCONNECT
/*C895*/DISCONNECT
/*C896*/DISCONNECT
/*C879*/DISCONNECT
/*C880*/DISCONNECT
/*C881*/DISCONNECT
/*C882*/DISCONNECT
/*C883*/DISCONNECT
/*C884*/DISCONNECT
/*C885*/DISCONNECT
/*C886*/DISCONNECT
/*C887*/DISCONNECT
/*C888*/DISCONNECT
/*C889*/DISCONNECT
/*C872*/DISCONNECT
/*C873*/DISCONNECT
/*C874*/DISCONNECT
/*C875*/DISCONNECT
/*C876*/DISCONNECT
/*C877*/DISCONNECT
/*C878*/DISCONNECT
/*C866*/DISCONNECT
/*C867*/DISCONNECT
/*C868*/DISCONNECT
/*C869*/DISCONNECT
/*C870*/DISCONNECT
/*C871*/DISCONNECT
/*C897*/SET SCHEMA PUBLIC
CONNECT USER SA
/*C898*/SET SCHEMA PUBLIC
CONNECT USER SA
/*C899*/SET SCHEMA PUBLIC
CONNECT USER SA
/*C900*/SET SCHEMA PUBLIC
CONNECT USER SA
/*C901*/SET SCHEMA PUBLIC
CONNECT USER SA
/*C902*/SET SCHEMA PUBLIC
CONNECT USER SA
/*C903*/SET SCHEMA PUBLIC
CONNECT USER SA
/*C904*/SET SCHEMA PUBLIC
CONNECT USER SA
/*C905*/SET SCHEMA PUBLIC
CONNECT USER SA
/*C906*/SET SCHEMA PUBLIC
CONNECT USER SA
/*C907*/SET SCHEMA PUBLIC
CONNECT USER SA
/*C908*/SET SCHEMA PUBLIC
CONNECT USER SA
DISCONNECT
/*C907*/DISCONNECT
/*C906*/DISCONNECT
/*C905*/DISCONNECT
/*C904*/DISCONNECT
/*C903*/DISCONNECT
/*C897*/DISCONNECT
/*C898*/DISCONNECT
/*C899*/DISCONNECT
/*C902*/DISCONNECT
/*C901*/DISCONNECT
/*C900*/DISCONNECT
/*C909*/SET SCHEMA PUBLIC
CONNECT USER SA
/*C910*/SET SCHEMA PUBLIC
CONNECT USER SA
/*C911*/SET SCHEMA PUBLIC
CONNECT USER SA
/*C912*/SET SCHEMA PUBLIC
CONNECT USER SA
/*C913*/SET SCHEMA PUBLIC
CONNECT USER SA
/*C914*/SET SCHEMA PUBLIC
CONNECT USER SA
/*C915*/SET SCHEMA PUBLIC
CONNECT USER SA
/*C916*/SET SCHEMA PUBLIC
CONNECT USER SA
/*C917*/SET SCHEMA PUBLIC
CONNECT USER SA
/*C918*/SET SCHEMA PUBLIC
CONNECT USER SA
/*C919*/SET SCHEMA PUBLIC
CONNECT USER SA
/*C920*/SET SCHEMA PUBLIC
CONNECT USER SA
/*C921*/SET SCHEMA PUBLIC
CONNECT USER SA
/*C922*/SET SCHEMA PUBLIC
CONNECT USER SA
/*C923*/SET SCHEMA PUBLIC
CONNECT USER SA
/*C924*/SET SCHEMA PUBLIC
CONNECT USER SA
/*C925*/SET SCHEMA PUBLIC
CONNECT USER SA
/*C926*/SET SCHEMA PUBLIC
CONNECT USER SA
/*C927*/SET SCHEMA PUBLIC
CONNECT USER SA
/*C928*/SET SCHEMA PUBLIC
CONNECT USER SA
/*C929*/SET SCHEMA PUBLIC
CONNECT USER SA
/*C930*/SET SCHEMA PUBLIC
CONNECT USER SA
/*C931*/SET SCHEMA PUBLIC
CONNECT USER SA
/*C932*/SET SCHEMA PUBLIC
CONNECT USER SA
/*C933*/SET SCHEMA PUBLIC
CONNECT USER SA
/*C934*/SET SCHEMA PUBLIC
CONNECT USER SA
/*C935*/SET SCHEMA PUBLIC
CONNECT USER SA
/*C936*/SET SCHEMA PUBLIC
CONNECT USER SA
/*C937*/SET SCHEMA PUBLIC
CONNECT USER SA
/*C938*/SET SCHEMA PUBLIC
CONNECT USER SA
/*C939*/SET SCHEMA PUBLIC
CONNECT USER SA
SET AUTOCOMMIT FALSE
DELETE FROM MESSAGES WHERE ID=1
INSERT INTO MESSAGES VALUES(1,'Coucou','Test','1','2017-05-22 16:30:00.702000000','2017-05-22 16:30:00.702000000',0)
SET AUTOCOMMIT TRUE
DISCONNECT
/*C940*/SET SCHEMA PUBLIC
CONNECT USER SA
/*C941*/SET SCHEMA PUBLIC
CONNECT USER SA
/*C942*/SET SCHEMA PUBLIC
CONNECT USER SA
/*C943*/SET SCHEMA PUBLIC
CONNECT USER SA
/*C944*/SET SCHEMA PUBLIC
CONNECT USER SA
/*C945*/SET SCHEMA PUBLIC
CONNECT USER SA
/*C946*/SET SCHEMA PUBLIC
CONNECT USER SA
/*C947*/SET SCHEMA PUBLIC
CONNECT USER SA
/*C948*/SET SCHEMA PUBLIC
CONNECT USER SA
/*C949*/SET SCHEMA PUBLIC
CONNECT USER SA
/*C950*/SET SCHEMA PUBLIC
CONNECT USER SA
SET AUTOCOMMIT FALSE
DELETE FROM MESSAGES WHERE ID=2
INSERT INTO MESSAGES VALUES(2,'Bulle','Tresor','Patrick','2017-05-22 16:36:34.253000000','2017-05-22 16:36:34.253000000',1)
SET AUTOCOMMIT TRUE
DISCONNECT
/*C951*/SET SCHEMA PUBLIC
CONNECT USER SA
/*C952*/SET SCHEMA PUBLIC
CONNECT USER SA
/*C953*/SET SCHEMA PUBLIC
CONNECT USER SA
/*C954*/SET SCHEMA PUBLIC
CONNECT USER SA
/*C915*/DISCONNECT
/*C933*/DISCONNECT
/*C934*/DISCONNECT
/*C935*/DISCONNECT
/*C936*/DISCONNECT
/*C937*/DISCONNECT
/*C938*/DISCONNECT
/*C940*/DISCONNECT
/*C941*/DISCONNECT
/*C942*/DISCONNECT
/*C943*/DISCONNECT
/*C944*/DISCONNECT
/*C945*/DISCONNECT
/*C946*/DISCONNECT
/*C947*/DISCONNECT
/*C948*/DISCONNECT
/*C949*/DISCONNECT
/*C951*/DISCONNECT
/*C952*/DISCONNECT
/*C953*/DISCONNECT
/*C954*/DISCONNECT
/*C930*/DISCONNECT
/*C931*/DISCONNECT
/*C932*/DISCONNECT
/*C916*/DISCONNECT
/*C917*/DISCONNECT
/*C918*/DISCONNECT
/*C919*/DISCONNECT
/*C920*/DISCONNECT
/*C921*/DISCONNECT
/*C922*/DISCONNECT
/*C923*/DISCONNECT
/*C924*/DISCONNECT
/*C925*/DISCONNECT
/*C926*/DISCONNECT
/*C927*/DISCONNECT
/*C928*/DISCONNECT
/*C929*/DISCONNECT
/*C909*/DISCONNECT
/*C910*/DISCONNECT
/*C911*/DISCONNECT
/*C912*/DISCONNECT
/*C913*/DISCONNECT
/*C914*/DISCONNECT
/*C955*/SET SCHEMA PUBLIC
CONNECT USER SA
/*C956*/SET SCHEMA PUBLIC
CONNECT USER SA
/*C957*/SET SCHEMA PUBLIC
CONNECT USER SA
/*C958*/SET SCHEMA PUBLIC
CONNECT USER SA
/*C959*/SET SCHEMA PUBLIC
CONNECT USER SA
DISCONNECT
/*C956*/DISCONNECT
/*C957*/DISCONNECT
/*C958*/DISCONNECT
/*C955*/DISCONNECT
/*C960*/SET SCHEMA PUBLIC
CONNECT USER SA
/*C961*/SET SCHEMA PUBLIC
CONNECT USER SA
/*C962*/SET SCHEMA PUBLIC
CONNECT USER SA
/*C963*/SET SCHEMA PUBLIC
CONNECT USER SA
/*C964*/SET SCHEMA PUBLIC
CONNECT USER SA
/*C963*/DISCONNECT
/*C964*/DISCONNECT
/*C960*/DISCONNECT
/*C962*/DISCONNECT
/*C961*/DISCONNECT
/*C965*/SET SCHEMA PUBLIC
CONNECT USER SA
/*C966*/SET SCHEMA PUBLIC
CONNECT USER SA
/*C967*/SET SCHEMA PUBLIC
CONNECT USER SA
/*C968*/SET SCHEMA PUBLIC
CONNECT USER SA
/*C967*/DISCONNECT
/*C968*/DISCONNECT
/*C966*/DISCONNECT
/*C965*/DISCONNECT
/*C969*/SET SCHEMA PUBLIC
CONNECT USER SA
/*C970*/SET SCHEMA PUBLIC
CONNECT USER SA
/*C971*/SET SCHEMA PUBLIC
CONNECT USER SA
/*C972*/SET SCHEMA PUBLIC
CONNECT USER SA
/*C973*/SET SCHEMA PUBLIC
CONNECT USER SA
/*C971*/DISCONNECT
/*C972*/DISCONNECT
/*C973*/DISCONNECT
/*C970*/DISCONNECT
/*C969*/DISCONNECT
/*C974*/SET SCHEMA PUBLIC
CONNECT USER SA
/*C975*/SET SCHEMA PUBLIC
CONNECT USER SA
/*C976*/SET SCHEMA PUBLIC
CONNECT USER SA
/*C975*/DISCONNECT
/*C974*/DISCONNECT
/*C976*/DISCONNECT
/*C977*/SET SCHEMA PUBLIC
CONNECT USER SA
/*C978*/SET SCHEMA PUBLIC
CONNECT USER SA
/*C979*/SET SCHEMA PUBLIC
CONNECT USER SA
/*C980*/SET SCHEMA PUBLIC
CONNECT USER SA
/*C981*/SET SCHEMA PUBLIC
CONNECT USER SA
/*C982*/SET SCHEMA PUBLIC
CONNECT USER SA
/*C983*/SET SCHEMA PUBLIC
CONNECT USER SA
/*C984*/SET SCHEMA PUBLIC
CONNECT USER SA
/*C985*/SET SCHEMA PUBLIC
CONNECT USER SA
/*C986*/SET SCHEMA PUBLIC
CONNECT USER SA
/*C987*/SET SCHEMA PUBLIC
CONNECT USER SA
/*C988*/SET SCHEMA PUBLIC
CONNECT USER SA
/*C989*/SET SCHEMA PUBLIC
CONNECT USER SA
/*C990*/SET SCHEMA PUBLIC
CONNECT USER SA
/*C991*/SET SCHEMA PUBLIC
CONNECT USER SA
/*C992*/SET SCHEMA PUBLIC
CONNECT USER SA
SET AUTOCOMMIT FALSE
DELETE FROM MESSAGES WHERE ID=3
INSERT INTO MESSAGES VALUES(3,'Public','Coucou','1','2017-05-22 16:37:54.883000000','2017-05-22 16:37:54.883000000',1)
SET AUTOCOMMIT TRUE
DISCONNECT
/*C993*/SET SCHEMA PUBLIC
CONNECT USER SA
/*C994*/SET SCHEMA PUBLIC
CONNECT USER SA
/*C995*/SET SCHEMA PUBLIC
CONNECT USER SA
/*C996*/SET SCHEMA PUBLIC
CONNECT USER SA
/*C997*/SET SCHEMA PUBLIC
CONNECT USER SA
/*C998*/SET SCHEMA PUBLIC
CONNECT USER SA
/*C999*/SET SCHEMA PUBLIC
CONNECT USER SA
/*C1000*/SET SCHEMA PUBLIC
CONNECT USER SA
/*C1001*/SET SCHEMA PUBLIC
CONNECT USER SA
/*C1002*/SET SCHEMA PUBLIC
CONNECT USER SA
/*C1003*/SET SCHEMA PUBLIC
CONNECT USER SA
SET AUTOCOMMIT FALSE
DELETE FROM MESSAGES WHERE ID=2
INSERT INTO MESSAGES VALUES(2,'Bulle','Tresor','Patrick','2017-05-22 16:36:34.253000000','2017-05-22 16:36:34.253000000',0)
SET AUTOCOMMIT TRUE
DISCONNECT
/*C1004*/SET SCHEMA PUBLIC
CONNECT USER SA
/*C1005*/SET SCHEMA PUBLIC
CONNECT USER SA
/*C1006*/SET SCHEMA PUBLIC
CONNECT USER SA
/*C1007*/SET SCHEMA PUBLIC
CONNECT USER SA
/*C1008*/SET SCHEMA PUBLIC
CONNECT USER SA
/*C987*/DISCONNECT
/*C983*/DISCONNECT
/*C984*/DISCONNECT
/*C985*/DISCONNECT
/*C1007*/DISCONNECT
/*C1008*/DISCONNECT
/*C1004*/DISCONNECT
/*C1005*/DISCONNECT
/*C1006*/DISCONNECT
/*C999*/DISCONNECT
/*C1000*/DISCONNECT
/*C1001*/DISCONNECT
/*C1002*/DISCONNECT
/*C995*/DISCONNECT
/*C996*/DISCONNECT
/*C997*/DISCONNECT
/*C998*/DISCONNECT
/*C991*/DISCONNECT
/*C993*/DISCONNECT
/*C994*/DISCONNECT
/*C988*/DISCONNECT
/*C989*/DISCONNECT
/*C990*/DISCONNECT
/*C986*/DISCONNECT
/*C982*/DISCONNECT
/*C981*/DISCONNECT
/*C980*/DISCONNECT
/*C979*/DISCONNECT
/*C978*/DISCONNECT
/*C977*/DISCONNECT
/*C1009*/SET SCHEMA PUBLIC
CONNECT USER SA
SET AUTOCOMMIT FALSE
DELETE FROM USERS WHERE ID='Patrick'
INSERT INTO USERS VALUES('Patrick','oui',TRUE)
SET AUTOCOMMIT TRUE
DISCONNECT
/*C1010*/SET SCHEMA PUBLIC
CONNECT USER SA
DISCONNECT
/*C1011*/SET SCHEMA PUBLIC
CONNECT USER SA
/*C1012*/SET SCHEMA PUBLIC
CONNECT USER SA
/*C1013*/SET SCHEMA PUBLIC
CONNECT USER SA
/*C1014*/SET SCHEMA PUBLIC
CONNECT USER SA
/*C1015*/SET SCHEMA PUBLIC
CONNECT USER SA
/*C1016*/SET SCHEMA PUBLIC
CONNECT USER SA
DISCONNECT
/*C1015*/DISCONNECT
/*C1014*/DISCONNECT
/*C1013*/DISCONNECT
/*C1012*/DISCONNECT
/*C1011*/DISCONNECT
